13:55:07 - ERR - TokenValidate - ('Signature has expired',)
13:55:39 - ERR - TokenValidate - ('Signature has expired',)
13:59:35 - ERR - get - (KeyError('HTTP_TOKENAPP'),)
14:13:07 - ERR - get - (KeyError('HTTP_TOKENAPP'),)
14:13:07 - ERR - get - (KeyError('HTTP_TOKENAPP'),)
14:13:07 - ERR - get - (KeyError('HTTP_TOKENAPP'),)
14:13:07 - ERR - get - (KeyError('HTTP_TOKENAPP'),)
14:17:00 - ERR - get - (KeyError('HTTP_TOKENAPP'),)
14:17:00 - ERR - get - (KeyError('HTTP_TOKENAPP'),)
14:21:58 - ERR - put - (KeyError('HTTP_TOKENAPP'),)
14:27:02 - ERR - put - (KeyError('HTTP_TOKENAPP'),)
14:27:06 - ERR - delete - (KeyError('HTTP_TOKENAPP'),)
14:29:19 - ERR - delete - (KeyError('HTTP_TOKENAPP'),)
21:08:18 - ERR - TokenValidate - ('Signature has expired',)
21:08:18 - ERR - TokenValidate - ('Signature has expired',)
21:08:51 - ERR - TokenValidate - ('Signature has expired',)
21:09:30 - ERR - TokenValidate - ('Signature has expired',)
21:09:30 - ERR - TokenValidate - ('Signature has expired',)
21:09:45 - ERR - TokenValidate - ('Signature has expired',)
21:09:45 - ERR - TokenValidate - ('Signature has expired',)
21:11:06 - ERR - TokenValidate - ('Signature has expired',)
21:11:06 - ERR - TokenValidate - ('Signature has expired',)
21:12:10 - ERR - TokenValidate - ('Signature has expired',)
21:12:10 - ERR - TokenValidate - ('Signature has expired',)
21:13:04 - ERR - TokenValidate - ('Signature has expired',)
21:13:04 - ERR - TokenValidate - ('Signature has expired',)
21:14:04 - ERR - TokenValidate - ('Signature has expired',)
21:14:04 - ERR - TokenValidate - ('Signature has expired',)
21:14:26 - ERR - TokenValidate - ('Signature has expired',)
21:14:26 - ERR - TokenValidate - ('Signature has expired',)
21:15:08 - ERR - TokenValidate - ('Signature has expired',)
21:15:08 - ERR - TokenValidate - ('Signature has expired',)
21:20:06 - ERR - TokenValidate - ('Signature has expired',)
21:20:06 - ERR - TokenValidate - ('Signature has expired',)
21:20:14 - ERR - TokenValidate - ('Signature has expired',)
21:20:14 - ERR - TokenValidate - ('Signature has expired',)
21:20:30 - ERR - TokenValidate - ('Signature has expired',)
21:20:30 - ERR - TokenValidate - ('Signature has expired',)
21:21:15 - ERR - TokenValidate - ('Signature has expired',)
21:21:15 - ERR - TokenValidate - ('Signature has expired',)
21:21:36 - ERR - TokenValidate - ('Signature has expired',)
21:21:36 - ERR - TokenValidate - ('Signature has expired',)
21:21:45 - ERR - TokenValidate - ('Signature has expired',)
21:21:45 - ERR - TokenValidate - ('Signature has expired',)
21:22:25 - ERR - TokenValidate - ('Signature has expired',)
21:22:25 - ERR - TokenValidate - ('Signature has expired',)
21:26:50 - ERR - TokenValidate - ('Signature has expired',)
21:26:50 - ERR - TokenValidate - ('Signature has expired',)
21:27:03 - ERR - TokenValidate - ('Signature has expired',)
21:27:03 - ERR - TokenValidate - ('Signature has expired',)
21:27:03 - ERR - TokenValidate - ('Signature has expired',)
21:27:03 - ERR - TokenValidate - ('Signature has expired',)
21:27:08 - ERR - TokenValidate - ('Signature has expired',)
21:27:08 - ERR - TokenValidate - ('Signature has expired',)
21:27:08 - ERR - TokenValidate - ('Signature has expired',)
22:01:05 - ERR - TokenValidate - ('Signature has expired',)
22:01:05 - ERR - TokenValidate - ('Signature has expired',)
22:01:40 - ERR - TokenValidate - ('Signature has expired',)
22:01:40 - ERR - TokenValidate - ('Signature has expired',)
22:04:07 - ERR - TokenValidate - ('Signature has expired',)
22:04:07 - ERR - TokenValidate - ('Signature has expired',)
22:04:07 - ERR - TokenValidate - ('Signature has expired',)
22:04:07 - ERR - TokenValidate - ('Signature has expired',)
22:09:34 - ERR - TokenValidate - ('Not enough segments',)
22:09:34 - ERR - TokenValidate - ('Not enough segments',)
22:09:39 - ERR - TokenValidate - ('Not enough segments',)
22:09:39 - ERR - TokenValidate - ('Not enough segments',)
22:09:46 - ERR - TokenValidate - ('Not enough segments',)
22:09:46 - ERR - TokenValidate - ('Not enough segments',)
22:09:47 - ERR - TokenValidate - ('Not enough segments',)
22:09:47 - ERR - TokenValidate - ('Not enough segments',)
22:09:48 - ERR - TokenValidate - ('Not enough segments',)
22:09:48 - ERR - TokenValidate - ('Not enough segments',)
22:09:48 - ERR - TokenValidate - ('Not enough segments',)
22:09:48 - ERR - TokenValidate - ('Not enough segments',)
22:09:48 - ERR - TokenValidate - ('Not enough segments',)
22:09:48 - ERR - TokenValidate - ('Not enough segments',)
22:10:01 - ERR - TokenValidate - ('Not enough segments',)
22:10:01 - ERR - TokenValidate - ('Not enough segments',)
22:10:17 - ERR - TokenValidate - ('Not enough segments',)
22:10:17 - ERR - TokenValidate - ('Not enough segments',)
22:10:32 - ERR - TokenValidate - ('Not enough segments',)
22:10:33 - ERR - TokenValidate - ('Not enough segments',)
22:10:33 - ERR - TokenValidate - ('Not enough segments',)
