08:41:44 - INF - <module> - ('Servicio Iniciado',)
08:41:44 - INF - <module> - ('Servicio Iniciado',)
08:41:49 - INF - post - ('Ejecutando servicio de Login',)
08:41:55 - INF - post - ('Ejecutando servicio inserción de estudiante',)
08:43:07 - INF - post - ('Ejecutando servicio de Login',)
08:44:54 - INF - put - ('Ejecutando servicio actualizacion de estudiante',)
20:34:12 - INF - <module> - ('Servicio Iniciado',)
20:34:12 - INF - <module> - ('Servicio Iniciado',)
20:34:57 - INF - <module> - ('Servicio Finalizado',)
20:34:57 - INF - <module> - ('Servicio Finalizado',)
20:50:44 - INF - <module> - ('Servicio Iniciado',)
20:50:44 - INF - <module> - ('Servicio Iniciado',)
20:51:11 - INF - get - ('Ejecutando servicio de Listar Usuario',)
20:51:43 - INF - post - ('Ejecutando servicio de Login',)
20:52:07 - INF - <module> - ('Servicio Finalizado',)
20:52:07 - INF - <module> - ('Servicio Finalizado',)
21:02:51 - INF - <module> - ('Servicio Iniciado',)
21:02:51 - INF - <module> - ('Servicio Iniciado',)
21:03:16 - INF - post - ('Ejecutando servicio de Login',)
21:04:21 - INF - <module> - ('Servicio Finalizado',)
21:04:21 - INF - <module> - ('Servicio Iniciado',)
21:04:43 - INF - post - ('Ejecutando servicio de Login',)
21:05:21 - INF - <module> - ('Servicio Finalizado',)
21:05:22 - INF - <module> - ('Servicio Iniciado',)
21:05:25 - INF - post - ('Ejecutando servicio de Login',)
21:05:47 - INF - post - ('Ejecutando servicio de Login',)
21:06:08 - INF - post - ('Ejecutando servicio de Login',)
21:06:21 - INF - <module> - ('Servicio Finalizado',)
21:06:22 - INF - <module> - ('Servicio Iniciado',)
21:06:25 - INF - post - ('Ejecutando servicio de Login',)
21:07:18 - INF - <module> - ('Servicio Finalizado',)
21:07:18 - INF - <module> - ('Servicio Iniciado',)
21:07:22 - INF - post - ('Ejecutando servicio de Login',)
21:20:27 - INF - <module> - ('Servicio Finalizado',)
21:20:28 - INF - <module> - ('Servicio Iniciado',)
21:21:36 - INF - <module> - ('Servicio Finalizado',)
21:21:36 - INF - <module> - ('Servicio Iniciado',)
21:23:58 - INF - <module> - ('Servicio Finalizado',)
21:23:58 - INF - <module> - ('Servicio Finalizado',)
21:29:29 - INF - <module> - ('Servicio Iniciado',)
21:29:30 - INF - <module> - ('Servicio Iniciado',)
21:29:55 - INF - post - ('Ejecutando servicio de Login',)
21:30:12 - INF - get - ('Ejecutando servicio de Listar vacantes',)
21:30:12 - INF - TokenValidate - ('Error al validar el token',)
21:30:19 - INF - get - ('Ejecutando servicio de Listar vacantes',)
21:31:35 - INF - post - ('Ejecutando servicio de Login',)
21:31:46 - INF - get - ('Ejecutando servicio de Listar vacantes',)
21:32:40 - INF - get - ('Ejecutando servicio de Listar vacantes',)
21:32:47 - INF - get - ('Ejecutando servicio de Listar vacantes',)
21:32:51 - INF - get - ('Ejecutando servicio de Listar vacantes',)
21:37:21 - INF - <module> - ('Servicio Finalizado',)
21:37:22 - INF - <module> - ('Servicio Iniciado',)
21:37:26 - INF - post - ('Ejecutando servicio de Login',)
21:37:45 - INF - <module> - ('Servicio Finalizado',)
21:37:46 - INF - <module> - ('Servicio Iniciado',)
21:46:35 - INF - post - ('Ejecutando servicio de Login',)
21:46:58 - INF - get - ('Ejecutando servicio de Listar vacantes',)
21:47:58 - INF - get - ('Ejecutando servicio de Listar vacantes',)
21:48:01 - INF - get - ('Ejecutando servicio de Listar vacantes',)
21:49:05 - INF - post - ('Ejecutando servicio de Login',)
21:49:06 - INF - get - ('Ejecutando servicio de Listar vacantes',)
21:49:06 - INF - get - ('Ejecutando servicio de Listar buzon',)
21:49:06 - INF - get - ('Ejecutando servicio de Listar vacantes',)
21:49:06 - INF - get - ('Ejecutando servicio de Listar buzon',)
21:52:04 - INF - <module> - ('Servicio Finalizado',)
21:52:04 - INF - <module> - ('Servicio Iniciado',)
21:52:09 - INF - post - ('Ejecutando servicio de Login',)
21:58:18 - INF - <module> - ('Servicio Finalizado',)
21:58:19 - INF - <module> - ('Servicio Iniciado',)
21:58:31 - INF - <module> - ('Servicio Finalizado',)
21:58:32 - INF - <module> - ('Servicio Iniciado',)
21:58:47 - INF - post - ('Ejecutando servicio de Login',)
22:00:26 - INF - <module> - ('Servicio Finalizado',)
22:00:27 - INF - <module> - ('Servicio Iniciado',)
22:00:48 - INF - <module> - ('Servicio Finalizado',)
22:00:48 - INF - <module> - ('Servicio Iniciado',)
22:00:56 - INF - post - ('Ejecutando servicio de Login',)
22:01:23 - INF - <module> - ('Servicio Finalizado',)
22:01:23 - INF - <module> - ('Servicio Iniciado',)
22:02:25 - INF - <module> - ('Servicio Finalizado',)
22:02:26 - INF - <module> - ('Servicio Iniciado',)
22:02:30 - INF - post - ('Ejecutando servicio de Login',)
22:02:56 - INF - get - ('Ejecutando servicio de Listar vacantes',)
22:03:10 - INF - post - ('Ejecutando servicio de Login',)
22:03:11 - INF - get - ('Ejecutando servicio de Listar vacantes',)
22:03:11 - INF - get - ('Ejecutando servicio de Listar buzon',)
22:03:11 - INF - get - ('Ejecutando servicio de Listar vacantes',)
22:03:11 - INF - get - ('Ejecutando servicio de Listar buzon',)
22:22:16 - INF - get - ('Ejecutando servicio de Listar buzon',)
22:22:16 - INF - get - ('Ejecutando servicio de Listar vacantes',)
22:22:16 - INF - TokenValidate - ('Error al validar el token',)
22:22:49 - INF - post - ('Ejecutando servicio de Login',)
22:22:50 - INF - get - ('Ejecutando servicio de Listar buzon',)
22:22:50 - INF - get - ('Ejecutando servicio de Listar vacantes',)
22:22:50 - INF - get - ('Ejecutando servicio de Listar buzon',)
22:22:50 - INF - get - ('Ejecutando servicio de Listar vacantes',)
22:23:48 - INF - <module> - ('Servicio Finalizado',)
22:23:48 - INF - <module> - ('Servicio Finalizado',)
