09:25:31 - INF - <module> - ('Servicio Iniciado',)
09:25:32 - INF - <module> - ('Servicio Iniciado',)
09:26:08 - INF - get - ('Ejecutando servicio de Listar buzon',)
09:26:18 - INF - get - ('Ejecutando servicio de Listar Usuario',)
09:26:51 - INF - <module> - ('Servicio Iniciado',)
09:26:51 - INF - <module> - ('Servicio Iniciado',)
09:26:57 - INF - get - ('Ejecutando servicio de Listar buzon',)
09:27:01 - INF - get - ('Ejecutando servicio de Listar Usuario',)
09:27:11 - INF - post - ('Ejecutando servicio de Login',)
09:27:23 - INF - post - ('Ejecutando servicio de Login',)
09:32:59 - INF - post - ('Ejecutando servicio de Login',)
09:33:00 - INF - get - ('Ejecutando servicio de Listar Usuario',)
09:33:00 - INF - get - ('Ejecutando servicio de Listar buzon',)
09:33:00 - INF - get - ('Ejecutando servicio de Listar Usuario',)
09:33:00 - INF - get - ('Ejecutando servicio de Listar buzon',)
17:00:21 - INF - <module> - ('Servicio Iniciado',)
17:00:21 - INF - <module> - ('Servicio Iniciado',)
17:05:42 - INF - post - ('Ejecutando servicio de Login',)
17:05:47 - INF - post - ('Ejecutando servicio de Login',)
17:06:07 - INF - post - ('Ejecutando servicio de Login',)
17:06:11 - INF - post - ('Ejecutando servicio de Login',)
17:06:11 - INF - post - ('Ejecutando servicio de Login',)
17:06:12 - INF - post - ('Ejecutando servicio de Login',)
17:06:12 - INF - post - ('Ejecutando servicio de Login',)
17:06:12 - INF - post - ('Ejecutando servicio de Login',)
17:06:28 - INF - post - ('Ejecutando servicio de Login',)
17:06:56 - INF - <module> - ('Servicio Iniciado',)
17:06:56 - INF - <module> - ('Servicio Iniciado',)
17:07:08 - INF - post - ('Ejecutando servicio de Login',)
17:07:40 - INF - get - ('Ejecutando servicio de Listar Usuario',)
17:12:50 - INF - <module> - ('Servicio Iniciado',)
17:12:51 - INF - <module> - ('Servicio Iniciado',)
17:12:55 - INF - get - ('Ejecutando servicio de Listar Usuario',)
17:13:01 - INF - get - ('Ejecutando servicio de Listar buzon',)
17:13:16 - INF - <module> - ('Servicio Finalizado',)
17:13:16 - INF - <module> - ('Servicio Finalizado',)
18:40:23 - INF - <module> - ('Servicio Iniciado',)
18:40:24 - INF - <module> - ('Servicio Iniciado',)
18:40:27 - INF - get - ('Ejecutando servicio de Listar Usuario',)
18:40:48 - INF - <module> - ('Servicio Finalizado',)
18:40:48 - INF - <module> - ('Servicio Finalizado',)
19:57:46 - INF - <module> - ('Servicio Iniciado',)
19:57:46 - INF - <module> - ('Servicio Iniciado',)
19:58:59 - INF - post - ('Ejecutando servicio de Login',)
19:59:01 - INF - get - ('Ejecutando servicio de Listar buzon',)
19:59:01 - INF - get - ('Ejecutando servicio de Listar Usuario',)
19:59:01 - INF - get - ('Ejecutando servicio de Listar Usuario',)
19:59:01 - INF - get - ('Ejecutando servicio de Listar buzon',)
20:01:41 - INF - get - ('Ejecutando servicio de Listar Usuario',)
20:01:41 - INF - get - ('Ejecutando servicio de Listar buzon',)
20:01:41 - INF - get - ('Ejecutando servicio de Listar Usuario',)
20:01:41 - INF - get - ('Ejecutando servicio de Listar buzon',)
20:05:58 - INF - get - ('Ejecutando servicio de Listar Usuario',)
20:05:58 - INF - get - ('Ejecutando servicio de Listar buzon',)
20:07:45 - INF - get - ('Ejecutando servicio de Listar Usuario',)
20:07:45 - INF - get - ('Ejecutando servicio de Listar buzon',)
20:08:18 - INF - get - ('Ejecutando servicio de Listar Usuario',)
20:08:18 - INF - get - ('Ejecutando servicio de Listar buzon',)
20:09:34 - INF - get - ('Ejecutando servicio de Listar Usuario',)
20:09:34 - INF - get - ('Ejecutando servicio de Listar buzon',)
20:09:59 - INF - get - ('Ejecutando servicio de Listar Usuario',)
20:09:59 - INF - get - ('Ejecutando servicio de Listar buzon',)
20:10:34 - INF - get - ('Ejecutando servicio de Listar Usuario',)
20:10:34 - INF - get - ('Ejecutando servicio de Listar buzon',)
20:10:35 - INF - get - ('Ejecutando servicio de Listar buzon',)

20:10:35 - INF - get - ('Ejecutando servicio de Listar buzon',)
20:10:35 - INF - get - ('Ejecutando servicio de Listar Usuario',)
20:10:47 - INF - get - ('Ejecutando servicio de Listar Usuario',)
20:10:47 - INF - get - ('Ejecutando servicio de Listar buzon',)
20:11:13 - INF - get - ('Ejecutando servicio de Listar Usuario',)
20:11:13 - INF - get - ('Ejecutando servicio de Listar buzon',)
20:11:35 - INF - get - ('Ejecutando servicio de Listar Usuario',)
20:11:35 - INF - get - ('Ejecutando servicio de Listar buzon',)
20:12:41 - INF - get - ('Ejecutando servicio de Listar Usuario',)
20:12:41 - INF - get - ('Ejecutando servicio de Listar buzon',)
20:12:51 - INF - get - ('Ejecutando servicio de Listar Usuario',)
20:12:51 - INF - get - ('Ejecutando servicio de Listar buzon',)
20:13:04 - INF - get - ('Ejecutando servicio de Listar Usuario',)
20:13:04 - INF - get - ('Ejecutando servicio de Listar buzon',)
20:13:46 - INF - get - ('Ejecutando servicio de Listar Usuario',)
20:13:46 - INF - get - ('Ejecutando servicio de Listar buzon',)
20:14:19 - INF - get - ('Ejecutando servicio de Listar Usuario',)
20:14:19 - INF - get - ('Ejecutando servicio de Listar buzon',)
20:14:37 - INF - get - ('Ejecutando servicio de Listar Usuario',)
20:14:37 - INF - get - ('Ejecutando servicio de Listar buzon',)
20:14:47 - INF - get - ('Ejecutando servicio de Listar Usuario',)
20:14:47 - INF - get - ('Ejecutando servicio de Listar buzon',)
20:15:00 - INF - get - ('Ejecutando servicio de Listar Usuario',)
20:15:00 - INF - get - ('Ejecutando servicio de Listar buzon',)
20:15:31 - INF - get - ('Ejecutando servicio de Listar Usuario',)
20:15:31 - INF - get - ('Ejecutando servicio de Listar buzon',)
20:15:46 - INF - get - ('Ejecutando servicio de Listar Usuario',)
20:15:46 - INF - get - ('Ejecutando servicio de Listar buzon',)
20:16:01 - INF - get - ('Ejecutando servicio de Listar Usuario',)
20:16:01 - INF - get - ('Ejecutando servicio de Listar buzon',)
20:16:54 - INF - get - ('Ejecutando servicio de Listar Usuario',)
20:16:54 - INF - get - ('Ejecutando servicio de Listar buzon',)
20:17:09 - INF - get - ('Ejecutando servicio de Listar Usuario',)
20:17:09 - INF - get - ('Ejecutando servicio de Listar buzon',)
20:17:53 - INF - get - ('Ejecutando servicio de Listar Usuario',)
20:17:53 - INF - get - ('Ejecutando servicio de Listar buzon',)
20:18:09 - INF - get - ('Ejecutando servicio de Listar Usuario',)
20:18:09 - INF - get - ('Ejecutando servicio de Listar buzon',)
20:18:40 - INF - get - ('Ejecutando servicio de Listar Usuario',)
20:18:40 - INF - get - ('Ejecutando servicio de Listar buzon',)
20:18:58 - INF - get - ('Ejecutando servicio de Listar Usuario',)
20:18:58 - INF - get - ('Ejecutando servicio de Listar buzon',)
20:19:14 - INF - get - ('Ejecutando servicio de Listar Usuario',)
20:19:14 - INF - get - ('Ejecutando servicio de Listar buzon',)
20:29:44 - INF - get - ('Ejecutando servicio de Listar Usuario',)
20:29:44 - INF - get - ('Ejecutando servicio de Listar buzon',)
20:30:04 - INF - get - ('Ejecutando servicio de Listar Usuario',)
20:30:04 - INF - get - ('Ejecutando servicio de Listar buzon',)
20:30:34 - INF - get - ('Ejecutando servicio de Listar Usuario',)
20:30:34 - INF - get - ('Ejecutando servicio de Listar buzon',)
20:31:01 - INF - get - ('Ejecutando servicio de Listar Usuario',)
20:31:01 - INF - get - ('Ejecutando servicio de Listar buzon',)
20:35:28 - INF - get - ('Ejecutando servicio de Listar Usuario',)
20:35:28 - INF - get - ('Ejecutando servicio de Listar buzon',)
20:36:44 - INF - get - ('Ejecutando servicio de Listar Usuario',)
20:36:44 - INF - get - ('Ejecutando servicio de Listar buzon',)
20:37:35 - INF - get - ('Ejecutando servicio de Listar Usuario',)
20:37:35 - INF - get - ('Ejecutando servicio de Listar buzon',)
20:37:52 - INF - get - ('Ejecutando servicio de Listar Usuario',)
20:37:52 - INF - get - ('Ejecutando servicio de Listar buzon',)
20:40:36 - INF - get - ('Ejecutando servicio de Listar Usuario',)
20:40:36 - INF - get - ('Ejecutando servicio de Listar buzon',)
20:41:03 - INF - get - ('Ejecutando servicio de Listar Usuario',)
20:41:03 - INF - get - ('Ejecutando servicio de Listar buzon',)
20:41:22 - INF - get - ('Ejecutando servicio de Listar Usuario',)
20:41:22 - INF - get - ('Ejecutando servicio de Listar buzon',)
20:41:33 - INF - get - ('Ejecutando servicio de Listar Usuario',)
20:41:33 - INF - get - ('Ejecutando servicio de Listar buzon',)
20:46:57 - INF - get - ('Ejecutando servicio de Listar Usuario',)
20:46:57 - INF - get - ('Ejecutando servicio de Listar buzon',)
20:47:26 - INF - get - ('Ejecutando servicio de Listar Usuario',)
20:47:26 - INF - get - ('Ejecutando servicio de Listar buzon',)
20:47:50 - INF - get - ('Ejecutando servicio de Listar Usuario',)
20:47:50 - INF - get - ('Ejecutando servicio de Listar buzon',)
20:50:44 - INF - get - ('Ejecutando servicio de Listar Usuario',)
20:50:44 - INF - get - ('Ejecutando servicio de Listar buzon',)
20:51:55 - INF - get - ('Ejecutando servicio de Listar Usuario',)
20:51:55 - INF - get - ('Ejecutando servicio de Listar buzon',)
20:54:14 - INF - get - ('Ejecutando servicio de Listar Usuario',)
20:54:14 - INF - get - ('Ejecutando servicio de Listar buzon',)
20:54:42 - INF - get - ('Ejecutando servicio de Listar Usuario',)
20:54:42 - INF - get - ('Ejecutando servicio de Listar buzon',)
20:55:31 - INF - get - ('Ejecutando servicio de Listar Usuario',)
20:55:31 - INF - get - ('Ejecutando servicio de Listar buzon',)
20:55:39 - INF - get - ('Ejecutando servicio de Listar Usuario',)
20:55:39 - INF - get - ('Ejecutando servicio de Listar buzon',)
20:58:49 - INF - get - ('Ejecutando servicio de Listar Usuario',)
20:58:49 - INF - get - ('Ejecutando servicio de Listar buzon',)
20:59:31 - INF - get - ('Ejecutando servicio de Listar Usuario',)
20:59:31 - INF - get - ('Ejecutando servicio de Listar buzon',)
21:00:17 - INF - get - ('Ejecutando servicio de Listar Usuario',)
21:00:17 - INF - get - ('Ejecutando servicio de Listar buzon',)
21:00:38 - INF - put - ('Ejecutando servicio actualizacion de curriculum',)
21:00:40 - INF - get - ('Ejecutando servicio de Listar Usuario',)
21:00:40 - INF - get - ('Ejecutando servicio de Listar buzon',)
21:00:40 - INF - get - ('Ejecutando servicio de Listar Usuario',)
21:00:40 - INF - get - ('Ejecutando servicio de Listar buzon',)
21:01:35 - INF - get - ('Ejecutando servicio de Listar Usuario',)
21:01:35 - INF - get - ('Ejecutando servicio de Listar buzon',)
21:01:48 - INF - get - ('Ejecutando servicio de Listar Usuario',)
21:01:48 - INF - get - ('Ejecutando servicio de Listar buzon',)
21:02:08 - INF - get - ('Ejecutando servicio de Listar Usuario',)
21:02:08 - INF - get - ('Ejecutando servicio de Listar buzon',)
21:02:37 - INF - get - ('Ejecutando servicio de Listar Usuario',)
21:02:37 - INF - get - ('Ejecutando servicio de Listar buzon',)
21:05:38 - INF - post - ('Ejecutando servicio de Login',)
21:05:40 - INF - get - ('Ejecutando servicio de Listar Usuario',)
21:05:40 - INF - get - ('Ejecutando servicio de Listar buzon',)
21:05:40 - INF - get - ('Ejecutando servicio de Listar Usuario',)
21:05:40 - INF - get - ('Ejecutando servicio de Listar buzon',)
21:07:45 - INF - get - ('Ejecutando servicio de Listar Usuario',)
21:07:45 - INF - get - ('Ejecutando servicio de Listar buzon',)
21:13:52 - INF - get - ('Ejecutando servicio de Listar Usuario',)
21:13:52 - INF - get - ('Ejecutando servicio de Listar buzon',)
21:13:52 - INF - get - ('Ejecutando servicio de Listar buzon',)
21:13:52 - INF - get - ('Ejecutando servicio de Listar Usuario',)
21:14:51 - INF - get - ('Ejecutando servicio de Listar Usuario',)
21:14:51 - INF - get - ('Ejecutando servicio de Listar buzon',)
21:20:00 - INF - get - ('Ejecutando servicio de Listar Usuario',)
21:20:00 - INF - get - ('Ejecutando servicio de Listar buzon',)
21:20:53 - INF - get - ('Ejecutando servicio de Listar Usuario',)
21:20:53 - INF - get - ('Ejecutando servicio de Listar buzon',)
21:21:21 - INF - get - ('Ejecutando servicio de Listar Usuario',)
21:21:21 - INF - get - ('Ejecutando servicio de Listar buzon',)
21:23:52 - INF - get - ('Ejecutando servicio de Listar Usuario',)
21:23:52 - INF - get - ('Ejecutando servicio de Listar buzon',)
21:25:12 - INF - get - ('Ejecutando servicio de Listar Usuario',)
21:25:12 - INF - get - ('Ejecutando servicio de Listar buzon',)
21:25:45 - INF - get - ('Ejecutando servicio de Listar Usuario',)
21:25:45 - INF - get - ('Ejecutando servicio de Listar buzon',)
21:26:16 - INF - get - ('Ejecutando servicio de Listar Usuario',)
21:26:16 - INF - get - ('Ejecutando servicio de Listar buzon',)
21:26:31 - INF - get - ('Ejecutando servicio de Listar Usuario',)
21:26:31 - INF - get - ('Ejecutando servicio de Listar buzon',)
21:27:03 - INF - get - ('Ejecutando servicio de Listar Usuario',)
21:27:03 - INF - get - ('Ejecutando servicio de Listar buzon',)
21:27:23 - INF - get - ('Ejecutando servicio de Listar Usuario',)
21:27:23 - INF - get - ('Ejecutando servicio de Listar buzon',)
21:28:22 - INF - get - ('Ejecutando servicio de Listar Usuario',)
21:28:22 - INF - get - ('Ejecutando servicio de Listar buzon',)
21:28:40 - INF - get - ('Ejecutando servicio de Listar Usuario',)
21:28:40 - INF - get - ('Ejecutando servicio de Listar buzon',)
21:29:51 - INF - get - ('Ejecutando servicio de Listar Usuario',)
21:29:51 - INF - get - ('Ejecutando servicio de Listar buzon',)
21:31:31 - INF - get - ('Ejecutando servicio de Listar Usuario',)
21:31:31 - INF - get - ('Ejecutando servicio de Listar buzon',)
21:37:18 - INF - get - ('Ejecutando servicio de Listar Usuario',)
21:37:18 - INF - get - ('Ejecutando servicio de Listar buzon',)
21:37:19 - INF - get - ('Ejecutando servicio de Listar Usuario',)
21:37:19 - INF - get - ('Ejecutando servicio de Listar buzon',)
21:38:17 - INF - get - ('Ejecutando servicio de Listar Usuario',)
21:38:17 - INF - get - ('Ejecutando servicio de Listar buzon',)
21:38:17 - INF - get - ('Ejecutando servicio de Listar Usuario',)
21:39:19 - INF - get - ('Ejecutando servicio de Listar Usuario',)
21:39:19 - INF - get - ('Ejecutando servicio de Listar buzon',)
21:39:36 - INF - get - ('Ejecutando servicio de Listar Usuario',)
21:39:36 - INF - get - ('Ejecutando servicio de Listar buzon',)
21:40:49 - INF - post - ('Ejecutando servicio inserción de estudiante',)
21:41:12 - INF - post - ('Ejecutando servicio de Login',)
21:41:13 - INF - get - ('Ejecutando servicio de Listar Usuario',)
21:41:13 - INF - get - ('Ejecutando servicio de Listar buzon',)
21:41:13 - INF - get - ('Ejecutando servicio de Listar Usuario',)
21:41:13 - INF - get - ('Ejecutando servicio de Listar buzon',)
21:41:21 - INF - delete - ('Ejecutando servicio eliminacion de estudiante',)
21:44:34 - INF - post - ('Ejecutando servicio inserción de estudiante',)
21:44:58 - INF - post - ('Ejecutando servicio de Login',)
21:44:59 - INF - get - ('Ejecutando servicio de Listar Usuario',)
21:44:59 - INF - get - ('Ejecutando servicio de Listar buzon',)
21:44:59 - INF - get - ('Ejecutando servicio de Listar Usuario',)
21:44:59 - INF - get - ('Ejecutando servicio de Listar buzon',)
21:45:52 - INF - put - ('Ejecutando servicio actualizacion de estudiante',)
21:45:53 - INF - get - ('Ejecutando servicio de Listar buzon',)

21:45:53 - INF - get - ('Ejecutando servicio de Listar buzon',)
21:45:53 - INF - get - ('Ejecutando servicio de Listar Usuario',)
21:46:23 - INF - post - ('Ejecutando servicio de Login',)
21:46:24 - INF - get - ('Ejecutando servicio de Listar Usuario',)
21:46:24 - INF - get - ('Ejecutando servicio de Listar buzon',)
21:46:24 - INF - get - ('Ejecutando servicio de Listar Usuario',)
21:46:24 - INF - get - ('Ejecutando servicio de Listar buzon',)
21:46:42 - INF - put - ('Ejecutando servicio actualizacion de curriculum',)
21:46:44 - INF - get - ('Ejecutando servicio de Listar Usuario',)
21:46:44 - INF - get - ('Ejecutando servicio de Listar buzon',)
21:46:44 - INF - get - ('Ejecutando servicio de Listar Usuario',)
21:46:44 - INF - get - ('Ejecutando servicio de Listar buzon',)
21:47:31 - INF - get - ('Ejecutando servicio de Listar Usuario',)
21:47:31 - INF - get - ('Ejecutando servicio de Listar buzon',)
21:47:31 - INF - get - ('Ejecutando servicio de Listar Usuario',)
21:47:31 - INF - get - ('Ejecutando servicio de Listar buzon',)
21:47:50 - INF - get - ('Ejecutando servicio de Listar buzon',)

21:47:50 - INF - get - ('Ejecutando servicio de Listar Usuario',)
21:47:50 - INF - get - ('Ejecutando servicio de Listar buzon',)
21:48:31 - INF - delete - ('Ejecutando servicio eliminacion de estudiante',)
21:48:52 - INF - post - ('Ejecutando servicio de Login',)
