13:54:06 - INF - <module> - ('Servicio Iniciado',)
13:54:07 - INF - <module> - ('Servicio Iniciado',)
13:54:27 - INF - post - ('Ejecutando servicio de Login',)
13:55:07 - INF - get - ('Ejecutando servicio de Listar vacantes',)
13:55:07 - INF - TokenValidate - ('Error al validar el token',)
13:55:20 - INF - post - ('Ejecutando servicio de Login',)
13:55:39 - INF - get - ('Ejecutando servicio de Listar vacantes',)
13:55:39 - INF - TokenValidate - ('Error al validar el token',)
13:55:47 - INF - get - ('Ejecutando servicio de Listar vacantes',)
13:57:29 - INF - <module> - ('Servicio Finalizado',)
13:57:30 - INF - <module> - ('Servicio Iniciado',)
13:58:00 - INF - <module> - ('Servicio Finalizado',)
13:58:00 - INF - <module> - ('Servicio Iniciado',)
13:59:08 - INF - <module> - ('Servicio Finalizado',)
13:59:09 - INF - <module> - ('Servicio Iniciado',)
13:59:24 - INF - <module> - ('Servicio Finalizado',)
13:59:24 - INF - <module> - ('Servicio Iniciado',)
13:59:35 - INF - get - ('Ejecutando servicio de Listar buzon',)
13:59:59 - INF - get - ('Ejecutando servicio de Listar buzon',)
14:13:06 - INF - post - ('Ejecutando servicio de Login',)
14:13:07 - INF - get - ('Ejecutando servicio de Listar vacantes',)
14:13:07 - INF - get - ('Ejecutando servicio de Listar buzon',)
14:13:07 - INF - get - ('Ejecutando servicio de Listar vacantes',)
14:13:07 - INF - get - ('Ejecutando servicio de Listar buzon',)
14:16:59 - INF - post - ('Ejecutando servicio de Login',)
14:17:00 - INF - get - ('Ejecutando servicio de Listar buzon',)
14:17:00 - INF - get - ('Ejecutando servicio de Listar vacantes',)
14:17:00 - INF - get - ('Ejecutando servicio de Listar buzon',)
14:17:01 - INF - get - ('Ejecutando servicio de Listar vacantes',)
14:17:58 - INF - get - ('Ejecutando servicio de Listar vacantes',)
14:17:58 - INF - get - ('Ejecutando servicio de Listar buzon',)
14:18:05 - INF - get - ('Ejecutando servicio de Listar vacantes',)
14:18:05 - INF - get - ('Ejecutando servicio de Listar buzon',)
14:18:05 - INF - get - ('Ejecutando servicio de Listar vacantes',)
14:18:05 - INF - get - ('Ejecutando servicio de Listar buzon',)
14:21:33 - INF - <module> - ('Servicio Finalizado',)
14:21:33 - INF - <module> - ('Servicio Iniciado',)
14:21:40 - INF - get - ('Ejecutando servicio de Listar vacantes',)
14:21:40 - INF - get - ('Ejecutando servicio de Listar buzon',)
14:21:40 - INF - get - ('Ejecutando servicio de Listar buzon',)
14:21:40 - INF - get - ('Ejecutando servicio de Listar vacantes',)
14:21:58 - INF - put - ('Ejecutando servicio actualizacion de estudiante',)
14:21:59 - INF - get - ('Ejecutando servicio de Listar vacantes',)
14:21:59 - INF - get - ('Ejecutando servicio de Listar buzon',)
14:21:59 - INF - get - ('Ejecutando servicio de Listar buzon',)
14:21:59 - INF - get - ('Ejecutando servicio de Listar vacantes',)
14:23:37 - INF - get - ('Ejecutando servicio de Listar vacantes',)
14:23:37 - INF - get - ('Ejecutando servicio de Listar buzon',)
14:23:51 - INF - put - ('Ejecutando servicio actualizacion de estudiante',)
14:23:52 - INF - get - ('Ejecutando servicio de Listar vacantes',)
14:23:52 - INF - get - ('Ejecutando servicio de Listar buzon',)
14:23:52 - INF - get - ('Ejecutando servicio de Listar buzon',)
14:23:52 - INF - get - ('Ejecutando servicio de Listar vacantes',)
14:23:54 - INF - get - ('Ejecutando servicio de Listar vacantes',)
14:23:54 - INF - get - ('Ejecutando servicio de Listar buzon',)
14:23:54 - INF - get - ('Ejecutando servicio de Listar vacantes',)
14:23:54 - INF - get - ('Ejecutando servicio de Listar buzon',)
14:24:43 - INF - <module> - ('Servicio Finalizado',)
14:24:43 - INF - <module> - ('Servicio Iniciado',)
14:24:53 - INF - <module> - ('Servicio Finalizado',)
14:24:54 - INF - <module> - ('Servicio Iniciado',)
14:25:30 - INF - post - ('Ejecutando servicio inserción de estudiante',)
14:25:38 - INF - post - ('Ejecutando servicio de Login',)
14:25:40 - INF - get - ('Ejecutando servicio de Listar vacantes',)
14:25:40 - INF - get - ('Ejecutando servicio de Listar buzon',)
14:25:40 - INF - get - ('Ejecutando servicio de Listar buzon',)
14:25:40 - INF - get - ('Ejecutando servicio de Listar vacantes',)
14:26:18 - INF - put - ('Ejecutando servicio actualizacion de estudiante',)
14:26:19 - INF - get - ('Ejecutando servicio de Listar vacantes',)
14:26:19 - INF - get - ('Ejecutando servicio de Listar buzon',)
14:26:19 - INF - get - ('Ejecutando servicio de Listar buzon',)
14:26:19 - INF - get - ('Ejecutando servicio de Listar vacantes',)
14:26:52 - INF - post - ('Ejecutando servicio de Login',)
14:26:53 - INF - get - ('Ejecutando servicio de Listar vacantes',)
14:26:53 - INF - get - ('Ejecutando servicio de Listar buzon',)
14:26:53 - INF - get - ('Ejecutando servicio de Listar vacantes',)
14:26:53 - INF - get - ('Ejecutando servicio de Listar buzon',)
14:27:02 - INF - put - ('Ejecutando servicio actualizacion de curriculum',)
14:27:04 - INF - get - ('Ejecutando servicio de Listar vacantes',)
14:27:04 - INF - get - ('Ejecutando servicio de Listar buzon',)
14:27:04 - INF - get - ('Ejecutando servicio de Listar buzon',)
14:27:04 - INF - get - ('Ejecutando servicio de Listar vacantes',)
14:27:06 - INF - delete - ('Ejecutando servicio eliminacion de estudiante',)
14:27:15 - INF - post - ('Ejecutando servicio de Login',)
14:27:17 - INF - get - ('Ejecutando servicio de Listar vacantes',)
14:27:17 - INF - get - ('Ejecutando servicio de Listar buzon',)
14:27:17 - INF - get - ('Ejecutando servicio de Listar vacantes',)
14:27:17 - INF - get - ('Ejecutando servicio de Listar buzon',)
14:28:48 - INF - get - ('Ejecutando servicio de Listar vacantes',)
14:28:48 - INF - get - ('Ejecutando servicio de Listar buzon',)
14:28:54 - INF - get - ('Ejecutando servicio de Listar vacantes',)
14:28:54 - INF - get - ('Ejecutando servicio de Listar buzon',)
14:28:54 - INF - get - ('Ejecutando servicio de Listar vacantes',)
14:28:54 - INF - get - ('Ejecutando servicio de Listar buzon',)
14:28:59 - INF - put - ('Ejecutando servicio actualizacion de curriculum',)
14:29:01 - INF - get - ('Ejecutando servicio de Listar vacantes',)
14:29:01 - INF - get - ('Ejecutando servicio de Listar buzon',)
14:29:01 - INF - get - ('Ejecutando servicio de Listar vacantes',)
14:29:01 - INF - get - ('Ejecutando servicio de Listar buzon',)
14:29:19 - INF - delete - ('Ejecutando servicio eliminacion de estudiante',)
14:29:41 - INF - post - ('Ejecutando servicio de Login',)
14:29:42 - INF - get - ('Ejecutando servicio de Listar vacantes',)
14:29:42 - INF - get - ('Ejecutando servicio de Listar buzon',)
14:29:42 - INF - get - ('Ejecutando servicio de Listar vacantes',)
14:29:42 - INF - get - ('Ejecutando servicio de Listar buzon',)
14:32:05 - INF - get - ('Ejecutando servicio de Listar vacantes',)
14:32:05 - INF - get - ('Ejecutando servicio de Listar buzon',)
14:32:47 - INF - delete - ('Ejecutando servicio eliminacion de estudiante',)
14:33:36 - INF - post - ('Ejecutando servicio de Login',)
14:33:38 - INF - get - ('Ejecutando servicio de Listar vacantes',)
14:33:38 - INF - get - ('Ejecutando servicio de Listar buzon',)
14:33:38 - INF - get - ('Ejecutando servicio de Listar vacantes',)
14:33:38 - INF - get - ('Ejecutando servicio de Listar buzon',)
14:33:47 - INF - put - ('Ejecutando servicio actualizacion de curriculum',)
14:33:49 - INF - get - ('Ejecutando servicio de Listar vacantes',)
14:33:49 - INF - get - ('Ejecutando servicio de Listar buzon',)
14:33:49 - INF - get - ('Ejecutando servicio de Listar buzon',)
14:33:49 - INF - get - ('Ejecutando servicio de Listar vacantes',)
14:34:04 - INF - put - ('Ejecutando servicio actualizacion de curriculum',)
14:34:06 - INF - get - ('Ejecutando servicio de Listar vacantes',)
14:34:06 - INF - get - ('Ejecutando servicio de Listar buzon',)
14:34:06 - INF - get - ('Ejecutando servicio de Listar vacantes',)
14:34:06 - INF - get - ('Ejecutando servicio de Listar buzon',)
14:34:14 - INF - put - ('Ejecutando servicio actualizacion de estudiante',)
14:34:16 - INF - get - ('Ejecutando servicio de Listar vacantes',)
14:34:16 - INF - get - ('Ejecutando servicio de Listar buzon',)
14:34:16 - INF - get - ('Ejecutando servicio de Listar vacantes',)
14:34:16 - INF - get - ('Ejecutando servicio de Listar buzon',)
14:34:24 - INF - put - ('Ejecutando servicio actualizacion de estudiante',)
14:34:25 - INF - get - ('Ejecutando servicio de Listar vacantes',)
14:34:25 - INF - get - ('Ejecutando servicio de Listar buzon',)
14:34:25 - INF - get - ('Ejecutando servicio de Listar vacantes',)
14:34:25 - INF - get - ('Ejecutando servicio de Listar buzon',)
15:15:54 - INF - post - ('Ejecutando servicio inserción de estudiante',)
15:21:08 - INF - post - ('Ejecutando servicio de Login',)
15:21:47 - INF - post - ('Ejecutando servicio de Login',)
15:23:20 - INF - post - ('Ejecutando servicio inserción de estudiante',)
15:24:20 - INF - post - ('Ejecutando servicio de Login',)
15:24:21 - INF - get - ('Ejecutando servicio de Listar vacantes',)
15:24:21 - INF - get - ('Ejecutando servicio de Listar buzon',)
15:24:21 - INF - get - ('Ejecutando servicio de Listar buzon',)
15:24:21 - INF - get - ('Ejecutando servicio de Listar vacantes',)
16:27:51 - INF - <module> - ('Servicio Iniciado',)
16:27:51 - INF - <module> - ('Servicio Iniciado',)
16:47:52 - INF - post - ('Ejecutando servicio de Login',)
16:47:55 - INF - get - ('Ejecutando servicio de Listar vacantes',)
16:47:55 - INF - get - ('Ejecutando servicio de Listar buzon',)
16:47:55 - INF - get - ('Ejecutando servicio de Listar vacantes',)
16:47:55 - INF - get - ('Ejecutando servicio de Listar buzon',)
16:48:17 - INF - post - ('Ejecutando servicio de Login',)
16:48:18 - INF - get - ('Ejecutando servicio de Listar vacantes',)
16:48:18 - INF - get - ('Ejecutando servicio de Listar buzon',)
16:48:18 - INF - get - ('Ejecutando servicio de Listar vacantes',)
16:48:18 - INF - get - ('Ejecutando servicio de Listar buzon',)
17:31:22 - INF - post - ('Ejecutando servicio de Login',)
17:58:04 - INF - post - ('Ejecutando servicio de Login',)
17:58:06 - INF - get - ('Ejecutando servicio de Listar vacantes',)
17:58:06 - INF - get - ('Ejecutando servicio de Listar buzon',)
17:58:06 - INF - get - ('Ejecutando servicio de Listar buzon',)
17:58:06 - INF - get - ('Ejecutando servicio de Listar vacantes',)
18:00:45 - INF - get - ('Ejecutando servicio de Listar vacantes',)
18:00:45 - INF - get - ('Ejecutando servicio de Listar buzon',)
18:00:45 - INF - get - ('Ejecutando servicio de Listar buzon',)
18:00:45 - INF - get - ('Ejecutando servicio de Listar vacantes',)
18:02:44 - INF - get - ('Ejecutando servicio de Listar vacantes',)
18:02:44 - INF - get - ('Ejecutando servicio de Listar buzon',)
18:03:35 - INF - get - ('Ejecutando servicio de Listar vacantes',)
18:03:35 - INF - get - ('Ejecutando servicio de Listar buzon',)
18:03:58 - INF - get - ('Ejecutando servicio de Listar vacantes',)
18:03:58 - INF - get - ('Ejecutando servicio de Listar buzon',)
18:04:50 - INF - get - ('Ejecutando servicio de Listar vacantes',)
18:04:50 - INF - get - ('Ejecutando servicio de Listar buzon',)
18:05:28 - INF - get - ('Ejecutando servicio de Listar vacantes',)
18:05:28 - INF - get - ('Ejecutando servicio de Listar buzon',)
18:05:50 - INF - get - ('Ejecutando servicio de Listar vacantes',)
18:05:50 - INF - get - ('Ejecutando servicio de Listar buzon',)
18:20:04 - INF - post - ('Ejecutando servicio de Login',)
18:20:05 - INF - get - ('Ejecutando servicio de Listar vacantes',)
18:20:05 - INF - get - ('Ejecutando servicio de Listar buzon',)
18:20:06 - INF - get - ('Ejecutando servicio de Listar vacantes',)
18:20:06 - INF - get - ('Ejecutando servicio de Listar buzon',)
19:19:11 - INF - <module> - ('Servicio Iniciado',)
19:19:11 - INF - <module> - ('Servicio Iniciado',)
20:47:24 - INF - post - ('Ejecutando servicio inserción de estudiante',)
20:51:02 - INF - post - ('Ejecutando servicio de Login',)
20:51:05 - INF - get - ('Ejecutando servicio de Listar vacantes',)
20:51:05 - INF - get - ('Ejecutando servicio de Listar buzon',)
20:51:05 - INF - get - ('Ejecutando servicio de Listar vacantes',)
20:51:05 - INF - get - ('Ejecutando servicio de Listar buzon',)
20:51:23 - INF - post - ('Ejecutando servicio de Login',)
20:51:25 - INF - get - ('Ejecutando servicio de Listar vacantes',)
20:51:25 - INF - get - ('Ejecutando servicio de Listar buzon',)
20:51:25 - INF - get - ('Ejecutando servicio de Listar buzon',)
20:51:25 - INF - get - ('Ejecutando servicio de Listar vacantes',)
20:53:14 - INF - post - ('Ejecutando servicio de Login',)
20:53:15 - INF - get - ('Ejecutando servicio de Listar vacantes',)
20:53:15 - INF - get - ('Ejecutando servicio de Listar buzon',)
20:53:15 - INF - get - ('Ejecutando servicio de Listar vacantes',)
20:53:15 - INF - get - ('Ejecutando servicio de Listar buzon',)
20:54:25 - INF - get - ('Ejecutando servicio de Listar vacantes',)
20:54:25 - INF - get - ('Ejecutando servicio de Listar buzon',)
20:54:34 - INF - get - ('Ejecutando servicio de Listar vacantes',)
20:54:34 - INF - get - ('Ejecutando servicio de Listar buzon',)
20:55:47 - INF - get - ('Ejecutando servicio de Listar vacantes',)
20:55:47 - INF - get - ('Ejecutando servicio de Listar buzon',)
20:59:12 - INF - get - ('Ejecutando servicio de Listar vacantes',)
20:59:12 - INF - get - ('Ejecutando servicio de Listar buzon',)
20:59:23 - INF - get - ('Ejecutando servicio de Listar vacantes',)
20:59:23 - INF - get - ('Ejecutando servicio de Listar buzon',)
20:59:31 - INF - get - ('Ejecutando servicio de Listar vacantes',)
20:59:31 - INF - get - ('Ejecutando servicio de Listar buzon',)
20:59:36 - INF - get - ('Ejecutando servicio de Listar vacantes',)
20:59:36 - INF - get - ('Ejecutando servicio de Listar buzon',)
21:01:46 - INF - get - ('Ejecutando servicio de Listar vacantes',)
21:01:46 - INF - get - ('Ejecutando servicio de Listar buzon',)
21:02:04 - INF - get - ('Ejecutando servicio de Listar vacantes',)
21:02:04 - INF - get - ('Ejecutando servicio de Listar buzon',)
21:02:24 - INF - get - ('Ejecutando servicio de Listar vacantes',)
21:02:24 - INF - get - ('Ejecutando servicio de Listar buzon',)
21:02:36 - INF - get - ('Ejecutando servicio de Listar vacantes',)
21:02:36 - INF - get - ('Ejecutando servicio de Listar buzon',)
21:02:38 - INF - get - ('Ejecutando servicio de Listar vacantes',)
21:02:38 - INF - get - ('Ejecutando servicio de Listar buzon',)
21:02:55 - INF - get - ('Ejecutando servicio de Listar vacantes',)
21:02:55 - INF - get - ('Ejecutando servicio de Listar buzon',)
21:03:00 - INF - get - ('Ejecutando servicio de Listar vacantes',)
21:03:00 - INF - get - ('Ejecutando servicio de Listar buzon',)
21:03:05 - INF - get - ('Ejecutando servicio de Listar vacantes',)
21:03:05 - INF - get - ('Ejecutando servicio de Listar buzon',)
21:05:34 - INF - get - ('Ejecutando servicio de Listar vacantes',)
21:05:34 - INF - get - ('Ejecutando servicio de Listar buzon',)
21:06:00 - INF - get - ('Ejecutando servicio de Listar vacantes',)
21:06:00 - INF - get - ('Ejecutando servicio de Listar buzon',)
21:06:18 - INF - get - ('Ejecutando servicio de Listar vacantes',)
21:06:18 - INF - get - ('Ejecutando servicio de Listar buzon',)
21:06:25 - INF - get - ('Ejecutando servicio de Listar vacantes',)
21:06:25 - INF - get - ('Ejecutando servicio de Listar buzon',)
21:07:21 - INF - get - ('Ejecutando servicio de Listar vacantes',)
21:07:21 - INF - get - ('Ejecutando servicio de Listar buzon',)
21:07:31 - INF - get - ('Ejecutando servicio de Listar vacantes',)
21:07:31 - INF - get - ('Ejecutando servicio de Listar buzon',)
21:08:09 - INF - get - ('Ejecutando servicio de Listar vacantes',)
21:08:09 - INF - get - ('Ejecutando servicio de Listar buzon',)
21:08:18 - INF - get - ('Ejecutando servicio de Listar vacantes',)
21:08:18 - INF - get - ('Ejecutando servicio de Listar buzon',)
21:08:18 - INF - TokenValidate - ('Error al validar el token',)
21:08:18 - INF - TokenValidate - ('Error al validar el token',)
21:08:51 - INF - get - ('Ejecutando servicio de Listar vacantes',)
21:08:51 - INF - TokenValidate - ('Error al validar el token',)
21:08:51 - INF - TokenValidate - ('Error al validar el token',)
21:09:30 - INF - get - ('Ejecutando servicio de Listar vacantes',)
21:09:30 - INF - TokenValidate - ('Error al validar el token',)
21:09:30 - INF - get - ('Ejecutando servicio de Listar buzon',)
21:09:30 - INF - TokenValidate - ('Error al validar el token',)
21:09:45 - INF - get - ('Ejecutando servicio de Listar vacantes',)
21:09:45 - INF - get - ('Ejecutando servicio de Listar buzon',)
21:09:45 - INF - TokenValidate - ('Error al validar el token',)
21:09:45 - INF - TokenValidate - ('Error al validar el token',)
21:11:06 - INF - get - ('Ejecutando servicio de Listar vacantes',)
21:11:06 - INF - TokenValidate - ('Error al validar el token',)
21:11:06 - INF - TokenValidate - ('Error al validar el token',)
21:12:10 - INF - get - ('Ejecutando servicio de Listar vacantes',)
21:12:10 - INF - get - ('Ejecutando servicio de Listar buzon',)
21:12:10 - INF - TokenValidate - ('Error al validar el token',)
21:12:10 - INF - TokenValidate - ('Error al validar el token',)
21:13:04 - INF - get - ('Ejecutando servicio de Listar vacantes',)
21:13:04 - INF - get - ('Ejecutando servicio de Listar buzon',)
21:13:04 - INF - TokenValidate - ('Error al validar el token',)
21:13:04 - INF - TokenValidate - ('Error al validar el token',)
21:14:04 - INF - get - ('Ejecutando servicio de Listar vacantes',)
21:14:04 - INF - get - ('Ejecutando servicio de Listar buzon',)
21:14:04 - INF - TokenValidate - ('Error al validar el token',)
21:14:04 - INF - TokenValidate - ('Error al validar el token',)
21:14:26 - INF - get - ('Ejecutando servicio de Listar vacantes',)
21:14:26 - INF - get - ('Ejecutando servicio de Listar buzon',)
21:14:26 - INF - TokenValidate - ('Error al validar el token',)
21:14:26 - INF - TokenValidate - ('Error al validar el token',)
21:15:08 - INF - get - ('Ejecutando servicio de Listar vacantes',)
21:15:08 - INF - get - ('Ejecutando servicio de Listar buzon',)
21:15:08 - INF - TokenValidate - ('Error al validar el token',)
21:15:08 - INF - TokenValidate - ('Error al validar el token',)
21:20:06 - INF - get - ('Ejecutando servicio de Listar vacantes',)
21:20:06 - INF - get - ('Ejecutando servicio de Listar buzon',)
21:20:06 - INF - TokenValidate - ('Error al validar el token',)
21:20:06 - INF - TokenValidate - ('Error al validar el token',)
21:20:14 - INF - get - ('Ejecutando servicio de Listar vacantes',)
21:20:14 - INF - get - ('Ejecutando servicio de Listar buzon',)
21:20:14 - INF - TokenValidate - ('Error al validar el token',)
21:20:14 - INF - TokenValidate - ('Error al validar el token',)
21:20:30 - INF - get - ('Ejecutando servicio de Listar vacantes',)
21:20:30 - INF - TokenValidate - ('Error al validar el token',)
21:20:30 - INF - get - ('Ejecutando servicio de Listar buzon',)
21:20:30 - INF - TokenValidate - ('Error al validar el token',)
21:21:15 - INF - get - ('Ejecutando servicio de Listar vacantes',)
21:21:15 - INF - get - ('Ejecutando servicio de Listar buzon',)
21:21:15 - INF - TokenValidate - ('Error al validar el token',)
21:21:15 - INF - TokenValidate - ('Error al validar el token',)
21:21:36 - INF - get - ('Ejecutando servicio de Listar vacantes',)
21:21:36 - INF - TokenValidate - ('Error al validar el token',)
21:21:36 - INF - get - ('Ejecutando servicio de Listar buzon',)
21:21:36 - INF - TokenValidate - ('Error al validar el token',)
21:21:45 - INF - get - ('Ejecutando servicio de Listar vacantes',)
21:21:45 - INF - get - ('Ejecutando servicio de Listar buzon',)
21:21:45 - INF - TokenValidate - ('Error al validar el token',)
21:21:45 - INF - TokenValidate - ('Error al validar el token',)
21:22:25 - INF - get - ('Ejecutando servicio de Listar vacantes',)
21:22:25 - INF - get - ('Ejecutando servicio de Listar buzon',)
21:22:25 - INF - TokenValidate - ('Error al validar el token',)
21:22:25 - INF - TokenValidate - ('Error al validar el token',)
21:26:50 - INF - get - ('Ejecutando servicio de Listar vacantes',)
21:26:50 - INF - get - ('Ejecutando servicio de Listar buzon',)
21:26:50 - INF - TokenValidate - ('Error al validar el token',)
21:26:50 - INF - TokenValidate - ('Error al validar el token',)
21:27:03 - INF - get - ('Ejecutando servicio de Listar vacantes',)
21:27:03 - INF - get - ('Ejecutando servicio de Listar buzon',)
21:27:03 - INF - TokenValidate - ('Error al validar el token',)
21:27:03 - INF - TokenValidate - ('Error al validar el token',)
21:27:03 - INF - get - ('Ejecutando servicio de Listar vacantes',)
21:27:03 - INF - get - ('Ejecutando servicio de Listar buzon',)
21:27:03 - INF - TokenValidate - ('Error al validar el token',)
21:27:03 - INF - TokenValidate - ('Error al validar el token',)
21:27:08 - INF - get - ('Ejecutando servicio de Listar vacantes',)
21:27:08 - INF - get - ('Ejecutando servicio de Listar buzon',)
21:27:08 - INF - TokenValidate - ('Error al validar el token',)
21:27:08 - INF - TokenValidate - ('Error al validar el token',)
21:27:08 - INF - get - ('Ejecutando servicio de Listar buzon',)
21:27:08 - INF - get - ('Ejecutando servicio de Listar vacantes',)
21:27:08 - INF - TokenValidate - ('Error al validar el token',)
21:27:08 - INF - TokenValidate - ('Error al validar el token',)
21:27:41 - INF - post - ('Ejecutando servicio de Login',)
21:27:42 - INF - get - ('Ejecutando servicio de Listar vacantes',)
21:27:42 - INF - get - ('Ejecutando servicio de Listar buzon',)
21:27:42 - INF - get - ('Ejecutando servicio de Listar buzon',)
21:27:42 - INF - get - ('Ejecutando servicio de Listar vacantes',)
21:32:54 - INF - get - ('Ejecutando servicio de Listar vacantes',)
21:32:54 - INF - get - ('Ejecutando servicio de Listar buzon',)
21:33:22 - INF - get - ('Ejecutando servicio de Listar vacantes',)
21:33:22 - INF - get - ('Ejecutando servicio de Listar buzon',)
21:33:43 - INF - get - ('Ejecutando servicio de Listar vacantes',)
21:33:43 - INF - get - ('Ejecutando servicio de Listar buzon',)
21:35:54 - INF - get - ('Ejecutando servicio de Listar vacantes',)
21:35:54 - INF - get - ('Ejecutando servicio de Listar buzon',)
21:37:09 - INF - get - ('Ejecutando servicio de Listar vacantes',)
21:37:09 - INF - get - ('Ejecutando servicio de Listar buzon',)
21:37:22 - INF - get - ('Ejecutando servicio de Listar vacantes',)
21:37:22 - INF - get - ('Ejecutando servicio de Listar buzon',)
21:37:33 - INF - get - ('Ejecutando servicio de Listar vacantes',)
21:37:33 - INF - get - ('Ejecutando servicio de Listar buzon',)
21:37:42 - INF - get - ('Ejecutando servicio de Listar vacantes',)
21:37:42 - INF - get - ('Ejecutando servicio de Listar buzon',)
21:37:49 - INF - get - ('Ejecutando servicio de Listar vacantes',)
21:37:49 - INF - get - ('Ejecutando servicio de Listar buzon',)
21:37:49 - INF - get - ('Ejecutando servicio de Listar vacantes',)
21:37:49 - INF - get - ('Ejecutando servicio de Listar buzon',)
22:01:05 - INF - get - ('Ejecutando servicio de Listar vacantes',)
22:01:05 - INF - get - ('Ejecutando servicio de Listar buzon',)
22:01:05 - INF - TokenValidate - ('Error al validar el token',)
22:01:05 - INF - TokenValidate - ('Error al validar el token',)
22:01:40 - INF - get - ('Ejecutando servicio de Listar vacantes',)
22:01:40 - INF - get - ('Ejecutando servicio de Listar buzon',)
22:01:40 - INF - TokenValidate - ('Error al validar el token',)
22:01:40 - INF - TokenValidate - ('Error al validar el token',)
22:04:07 - INF - get - ('Ejecutando servicio de Listar vacantes',)
22:04:07 - INF - get - ('Ejecutando servicio de Listar buzon',)
22:04:07 - INF - TokenValidate - ('Error al validar el token',)
22:04:07 - INF - TokenValidate - ('Error al validar el token',)
22:04:07 - INF - get - ('Ejecutando servicio de Listar vacantes',)
22:04:07 - INF - get - ('Ejecutando servicio de Listar buzon',)
22:04:07 - INF - TokenValidate - ('Error al validar el token',)
22:04:07 - INF - TokenValidate - ('Error al validar el token',)
22:04:28 - INF - post - ('Ejecutando servicio de Login',)
22:04:29 - INF - get - ('Ejecutando servicio de Listar vacantes',)
22:04:29 - INF - get - ('Ejecutando servicio de Listar buzon',)
22:04:29 - INF - get - ('Ejecutando servicio de Listar buzon',)
22:04:29 - INF - get - ('Ejecutando servicio de Listar vacantes',)
22:08:20 - INF - get - ('Ejecutando servicio de Listar vacantes',)
22:08:20 - INF - get - ('Ejecutando servicio de Listar buzon',)
22:08:20 - INF - get - ('Ejecutando servicio de Listar buzon',)
22:08:20 - INF - get - ('Ejecutando servicio de Listar vacantes',)
22:08:23 - INF - get - ('Ejecutando servicio de Listar buzon',)
22:08:23 - INF - get - ('Ejecutando servicio de Listar buzon',)
22:08:52 - INF - get - ('Ejecutando servicio de Listar buzon',)
22:09:33 - INF - get - ('Ejecutando servicio de Listar buzon',)
22:09:34 - INF - get - ('Ejecutando servicio de Listar buzon',)
22:09:34 - INF - TokenValidate - ('Error al validar el token',)
22:09:34 - INF - get - ('Ejecutando servicio de Listar buzon',)
22:09:34 - INF - TokenValidate - ('Error al validar el token',)
22:09:39 - INF - get - ('Ejecutando servicio de Listar buzon',)
22:09:39 - INF - TokenValidate - ('Error al validar el token',)
22:09:39 - INF - get - ('Ejecutando servicio de Listar buzon',)
22:09:39 - INF - TokenValidate - ('Error al validar el token',)
22:09:46 - INF - get - ('Ejecutando servicio de Listar buzon',)
22:09:46 - INF - TokenValidate - ('Error al validar el token',)
22:09:46 - INF - get - ('Ejecutando servicio de Listar buzon',)
22:09:46 - INF - TokenValidate - ('Error al validar el token',)
22:09:47 - INF - get - ('Ejecutando servicio de Listar buzon',)
22:09:47 - INF - TokenValidate - ('Error al validar el token',)
22:09:47 - INF - get - ('Ejecutando servicio de Listar buzon',)
22:09:47 - INF - TokenValidate - ('Error al validar el token',)
22:09:48 - INF - get - ('Ejecutando servicio de Listar buzon',)
22:09:48 - INF - TokenValidate - ('Error al validar el token',)
22:09:48 - INF - get - ('Ejecutando servicio de Listar buzon',)
22:09:48 - INF - TokenValidate - ('Error al validar el token',)
22:09:48 - INF - get - ('Ejecutando servicio de Listar buzon',)
22:09:48 - INF - TokenValidate - ('Error al validar el token',)
22:09:48 - INF - get - ('Ejecutando servicio de Listar buzon',)
22:09:48 - INF - TokenValidate - ('Error al validar el token',)
22:09:48 - INF - get - ('Ejecutando servicio de Listar buzon',)
22:09:48 - INF - TokenValidate - ('Error al validar el token',)
22:09:48 - INF - get - ('Ejecutando servicio de Listar buzon',)
22:09:48 - INF - TokenValidate - ('Error al validar el token',)
22:10:01 - INF - get - ('Ejecutando servicio de Listar buzon',)
22:10:01 - INF - TokenValidate - ('Error al validar el token',)
22:10:01 - INF - get - ('Ejecutando servicio de Listar buzon',)
22:10:01 - INF - TokenValidate - ('Error al validar el token',)
22:10:10 - INF - post - ('Ejecutando servicio de Login',)
22:10:11 - INF - get - ('Ejecutando servicio de Listar vacantes',)
22:10:11 - INF - get - ('Ejecutando servicio de Listar buzon',)
22:10:11 - INF - get - ('Ejecutando servicio de Listar vacantes',)
22:10:11 - INF - get - ('Ejecutando servicio de Listar buzon',)
22:10:15 - INF - get - ('Ejecutando servicio de Listar buzon',)
22:10:15 - INF - get - ('Ejecutando servicio de Listar buzon',)
22:10:17 - INF - get - ('Ejecutando servicio de Listar buzon',)
22:10:17 - INF - TokenValidate - ('Error al validar el token',)
22:10:17 - INF - get - ('Ejecutando servicio de Listar buzon',)
22:10:17 - INF - TokenValidate - ('Error al validar el token',)
22:10:32 - INF - get - ('Ejecutando servicio de Listar buzon',)
22:10:32 - INF - TokenValidate - ('Error al validar el token',)
22:10:33 - INF - get - ('Ejecutando servicio de Listar buzon',)
22:10:33 - INF - TokenValidate - ('Error al validar el token',)
22:10:33 - INF - get - ('Ejecutando servicio de Listar buzon',)
22:10:33 - INF - TokenValidate - ('Error al validar el token',)
22:10:40 - INF - post - ('Ejecutando servicio de Login',)
22:10:41 - INF - get - ('Ejecutando servicio de Listar vacantes',)
22:10:41 - INF - get - ('Ejecutando servicio de Listar buzon',)
22:10:41 - INF - get - ('Ejecutando servicio de Listar vacantes',)
22:10:41 - INF - get - ('Ejecutando servicio de Listar buzon',)
22:10:44 - INF - get - ('Ejecutando servicio de Listar buzon',)
22:10:44 - INF - get - ('Ejecutando servicio de Listar buzon',)
22:10:55 - INF - post - ('Ejecutando servicio de Login',)
22:10:56 - INF - get - ('Ejecutando servicio de Listar vacantes',)
22:10:56 - INF - get - ('Ejecutando servicio de Listar buzon',)
22:10:56 - INF - get - ('Ejecutando servicio de Listar vacantes',)
22:10:56 - INF - get - ('Ejecutando servicio de Listar buzon',)
22:11:28 - INF - post - ('Ejecutando servicio de Login',)
22:11:30 - INF - get - ('Ejecutando servicio de Listar vacantes',)
22:11:30 - INF - get - ('Ejecutando servicio de Listar buzon',)
22:11:30 - INF - get - ('Ejecutando servicio de Listar buzon',)
22:11:30 - INF - get - ('Ejecutando servicio de Listar vacantes',)
22:11:32 - INF - get - ('Ejecutando servicio de Listar buzon',)
22:11:32 - INF - get - ('Ejecutando servicio de Listar buzon',)
22:11:55 - INF - get - ('Ejecutando servicio de Listar buzon',)
22:11:55 - INF - get - ('Ejecutando servicio de Listar buzon',)
22:14:23 - INF - get - ('Ejecutando servicio de Listar buzon',)
22:14:47 - INF - get - ('Ejecutando servicio de Listar buzon',)
22:14:47 - INF - get - ('Ejecutando servicio de Listar buzon',)
22:15:55 - INF - post - ('Ejecutando servicio de Login',)
22:15:56 - INF - get - ('Ejecutando servicio de Listar vacantes',)
22:15:56 - INF - get - ('Ejecutando servicio de Listar buzon',)
22:15:56 - INF - get - ('Ejecutando servicio de Listar buzon',)
22:15:56 - INF - get - ('Ejecutando servicio de Listar vacantes',)
22:16:10 - INF - get - ('Ejecutando servicio de Listar buzon',)
22:16:10 - INF - get - ('Ejecutando servicio de Listar buzon',)
22:22:01 - INF - post - ('Ejecutando servicio de Login',)
22:27:30 - INF - post - ('Ejecutando servicio de Login',)
22:27:31 - INF - get - ('Ejecutando servicio de Listar vacantes',)
22:27:31 - INF - get - ('Ejecutando servicio de Listar buzon',)
22:27:31 - INF - get - ('Ejecutando servicio de Listar vacantes',)
22:27:31 - INF - get - ('Ejecutando servicio de Listar buzon',)
22:27:34 - INF - get - ('Ejecutando servicio de Listar buzon',)
22:27:34 - INF - get - ('Ejecutando servicio de Listar buzon',)
22:28:20 - INF - post - ('Ejecutando servicio de Login',)
22:28:22 - INF - get - ('Ejecutando servicio de Listar vacantes',)
22:28:22 - INF - get - ('Ejecutando servicio de Listar buzon',)
22:28:22 - INF - get - ('Ejecutando servicio de Listar vacantes',)
22:28:22 - INF - get - ('Ejecutando servicio de Listar buzon',)
22:28:24 - INF - get - ('Ejecutando servicio de Listar buzon',)
22:28:24 - INF - get - ('Ejecutando servicio de Listar buzon',)
22:28:26 - INF - get - ('Ejecutando servicio de Listar buzon',)
22:28:26 - INF - get - ('Ejecutando servicio de Listar buzon',)
22:28:35 - INF - get - ('Ejecutando servicio de Listar buzon',)
22:28:35 - INF - get - ('Ejecutando servicio de Listar buzon',)
22:28:37 - INF - get - ('Ejecutando servicio de Listar buzon',)
22:28:37 - INF - get - ('Ejecutando servicio de Listar buzon',)
22:28:37 - INF - get - ('Ejecutando servicio de Listar buzon',)
22:28:37 - INF - get - ('Ejecutando servicio de Listar buzon',)
22:28:38 - INF - get - ('Ejecutando servicio de Listar buzon',)
22:28:38 - INF - get - ('Ejecutando servicio de Listar buzon',)
22:28:54 - INF - get - ('Ejecutando servicio de Listar buzon',)
22:29:00 - INF - get - ('Ejecutando servicio de Listar buzon',)
22:29:00 - INF - get - ('Ejecutando servicio de Listar buzon',)
22:29:19 - INF - get - ('Ejecutando servicio de Listar buzon',)
22:29:22 - INF - get - ('Ejecutando servicio de Listar buzon',)
22:29:22 - INF - get - ('Ejecutando servicio de Listar buzon',)
22:29:51 - INF - post - ('Ejecutando servicio de Login',)
22:29:52 - INF - get - ('Ejecutando servicio de Listar vacantes',)
22:29:52 - INF - get - ('Ejecutando servicio de Listar buzon',)
22:29:52 - INF - get - ('Ejecutando servicio de Listar vacantes',)
22:29:52 - INF - get - ('Ejecutando servicio de Listar buzon',)
22:30:05 - INF - post - ('Ejecutando servicio de Login',)
22:30:06 - INF - get - ('Ejecutando servicio de Listar vacantes',)
22:30:06 - INF - get - ('Ejecutando servicio de Listar buzon',)
22:30:06 - INF - get - ('Ejecutando servicio de Listar vacantes',)
22:30:06 - INF - get - ('Ejecutando servicio de Listar buzon',)
22:30:08 - INF - get - ('Ejecutando servicio de Listar buzon',)
22:30:08 - INF - get - ('Ejecutando servicio de Listar buzon',)
22:33:05 - INF - get - ('Ejecutando servicio de Listar buzon',)
22:33:05 - INF - get - ('Ejecutando servicio de Listar buzon',)
22:33:54 - INF - get - ('Ejecutando servicio de Listar buzon',)
22:34:46 - INF - post - ('Ejecutando servicio de Login',)
22:34:47 - INF - get - ('Ejecutando servicio de Listar vacantes',)
22:34:47 - INF - get - ('Ejecutando servicio de Listar buzon',)
22:34:47 - INF - get - ('Ejecutando servicio de Listar vacantes',)
22:34:47 - INF - get - ('Ejecutando servicio de Listar buzon',)
22:34:51 - INF - get - ('Ejecutando servicio de Listar buzon',)
22:34:51 - INF - get - ('Ejecutando servicio de Listar buzon',)
22:34:53 - INF - get - ('Ejecutando servicio de Listar vacantes',)
22:34:53 - INF - get - ('Ejecutando servicio de Listar buzon',)
22:34:53 - INF - get - ('Ejecutando servicio de Listar vacantes',)
22:34:53 - INF - get - ('Ejecutando servicio de Listar buzon',)
22:34:56 - INF - get - ('Ejecutando servicio de Listar vacantes',)
22:34:56 - INF - get - ('Ejecutando servicio de Listar buzon',)
22:34:56 - INF - get - ('Ejecutando servicio de Listar vacantes',)
22:34:58 - INF - get - ('Ejecutando servicio de Listar buzon',)
22:34:58 - INF - get - ('Ejecutando servicio de Listar buzon',)
22:35:00 - INF - get - ('Ejecutando servicio de Listar buzon',)
22:35:00 - INF - get - ('Ejecutando servicio de Listar vacantes',)
22:35:00 - INF - get - ('Ejecutando servicio de Listar buzon',)
22:35:00 - INF - get - ('Ejecutando servicio de Listar vacantes',)
22:35:03 - INF - get - ('Ejecutando servicio de Listar buzon',)
22:35:03 - INF - get - ('Ejecutando servicio de Listar buzon',)
22:36:11 - INF - get - ('Ejecutando servicio de Listar buzon',)
22:37:11 - INF - get - ('Ejecutando servicio de Listar buzon',)
22:37:13 - INF - get - ('Ejecutando servicio de Listar buzon',)
22:37:13 - INF - get - ('Ejecutando servicio de Listar vacantes',)
22:37:13 - INF - get - ('Ejecutando servicio de Listar buzon',)
22:37:13 - INF - get - ('Ejecutando servicio de Listar vacantes',)
22:41:49 - INF - post - ('Ejecutando servicio de Login',)
22:41:50 - INF - get - ('Ejecutando servicio de Listar vacantes',)
22:41:50 - INF - get - ('Ejecutando servicio de Listar vacantes',)
22:42:07 - INF - put - ('Ejecutando servicio actualizacion de estudiante',)
22:42:08 - INF - get - ('Ejecutando servicio de Listar vacantes',)
22:42:08 - INF - get - ('Ejecutando servicio de Listar vacantes',)
22:42:22 - INF - post - ('Ejecutando servicio de Login',)
22:42:24 - INF - get - ('Ejecutando servicio de Listar vacantes',)
22:42:24 - INF - get - ('Ejecutando servicio de Listar vacantes',)
22:42:49 - INF - put - ('Ejecutando servicio actualizacion de curriculum',)
22:42:51 - INF - get - ('Ejecutando servicio de Listar vacantes',)
22:42:51 - INF - get - ('Ejecutando servicio de Listar vacantes',)
22:42:56 - INF - get - ('Ejecutando servicio de Listar buzon',)
22:42:56 - INF - get - ('Ejecutando servicio de Listar buzon',)
22:44:21 - INF - get - ('Ejecutando servicio de Listar buzon',)
22:44:24 - INF - get - ('Ejecutando servicio de Listar buzon',)
22:44:31 - INF - get - ('Ejecutando servicio de Listar buzon',)
22:46:02 - INF - get - ('Ejecutando servicio de Listar buzon',)
22:49:22 - INF - get - ('Ejecutando servicio de Listar buzon',)
22:50:58 - INF - get - ('Ejecutando servicio de Listar buzon',)
22:51:08 - INF - get - ('Ejecutando servicio de Listar buzon',)
22:53:19 - INF - post - ('Ejecutando servicio de Login',)
22:57:36 - INF - post - ('Ejecutando servicio de Login',)
22:57:50 - INF - post - ('Ejecutando servicio de Login',)
22:57:52 - INF - get - ('Ejecutando servicio de Listar vacantes',)
22:57:52 - INF - get - ('Ejecutando servicio de Listar vacantes',)
22:58:05 - INF - get - ('Ejecutando servicio de Listar vacantes',)
22:58:05 - INF - get - ('Ejecutando servicio de Listar vacantes',)
22:58:09 - INF - get - ('Ejecutando servicio de Listar buzon',)
22:58:09 - INF - get - ('Ejecutando servicio de Listar buzon',)
22:59:41 - INF - get - ('Ejecutando servicio de Listar vacantes',)
22:59:41 - INF - get - ('Ejecutando servicio de Listar vacantes',)
22:59:44 - INF - get - ('Ejecutando servicio de Listar buzon',)
22:59:44 - INF - get - ('Ejecutando servicio de Listar buzon',)
23:00:07 - INF - get - ('Ejecutando servicio de Listar vacantes',)
23:00:07 - INF - get - ('Ejecutando servicio de Listar vacantes',)
23:00:10 - INF - get - ('Ejecutando servicio de Listar buzon',)
23:00:10 - INF - get - ('Ejecutando servicio de Listar buzon',)
23:00:46 - INF - post - ('Ejecutando servicio de Login',)
23:00:47 - INF - get - ('Ejecutando servicio de Listar vacantes',)
23:00:47 - INF - get - ('Ejecutando servicio de Listar vacantes',)
23:01:56 - INF - get - ('Ejecutando servicio de Listar vacantes',)
23:02:20 - INF - get - ('Ejecutando servicio de Listar vacantes',)
23:03:11 - INF - get - ('Ejecutando servicio de Listar vacantes',)
23:03:56 - INF - get - ('Ejecutando servicio de Listar vacantes',)
23:04:01 - INF - get - ('Ejecutando servicio de Listar vacantes',)
23:04:08 - INF - get - ('Ejecutando servicio de Listar vacantes',)
23:04:14 - INF - get - ('Ejecutando servicio de Listar vacantes',)
23:04:18 - INF - get - ('Ejecutando servicio de Listar vacantes',)
23:04:43 - INF - get - ('Ejecutando servicio de Listar buzon',)
23:04:43 - INF - get - ('Ejecutando servicio de Listar buzon',)
23:05:11 - INF - get - ('Ejecutando servicio de Listar buzon',)
23:05:11 - INF - get - ('Ejecutando servicio de Listar buzon',)
23:05:15 - INF - get - ('Ejecutando servicio de Listar vacantes',)
23:05:15 - INF - get - ('Ejecutando servicio de Listar vacantes',)
