11:28:28 - INF - <module> - ('Servicio Iniciado',)
11:28:28 - INF - <module> - ('Servicio Iniciado',)
11:29:15 - INF - post - ('Ejecutando servicio de Login',)
11:29:18 - INF - get - ('Ejecutando servicio de Listar vacantes',)
11:29:18 - INF - get - ('Ejecutando servicio de Listar vacantes',)
11:40:20 - INF - post - ('Ejecutando servicio de Login',)
11:40:22 - INF - get - ('Ejecutando servicio de Listar vacantes',)
11:40:22 - INF - get - ('Ejecutando servicio de Listar vacantes',)
11:40:40 - INF - post - ('Ejecutando servicio de Login',)
11:40:52 - INF - post - ('Ejecutando servicio de Login',)
11:41:34 - INF - <module> - ('Servicio Finalizado',)
11:41:35 - INF - <module> - ('Servicio Finalizado',)
12:04:26 - INF - <module> - ('Servicio Iniciado',)
12:04:27 - INF - <module> - ('Servicio Iniciado',)
12:04:33 - INF - <module> - ('Servicio Finalizado',)
12:04:33 - INF - <module> - ('Servicio Finalizado',)
18:28:14 - INF - <module> - ('Servicio Iniciado',)
18:28:14 - INF - <module> - ('Servicio Iniciado',)
18:31:38 - INF - post - ('Ejecutando servicio de Login',)
18:31:47 - INF - post - ('Ejecutando servicio de Login',)
18:32:01 - INF - post - ('Ejecutando servicio de Login',)
18:33:29 - INF - get - ('Ejecutando servicio de Listar vacantes',)
18:35:29 - INF - post - ('Ejecutando servicio de Login',)
18:35:30 - INF - get - ('Ejecutando servicio de Listar vacantes',)
18:35:30 - INF - get - ('Ejecutando servicio de Listar vacantes',)
18:37:21 - INF - get - ('Ejecutando servicio de Listar vacantes',)
18:37:23 - INF - get - ('Ejecutando servicio de Listar vacantes',)
18:37:23 - INF - get - ('Ejecutando servicio de Listar vacantes',)
18:38:05 - INF - get - ('Ejecutando servicio de Listar vacantes',)
18:38:30 - INF - get - ('Ejecutando servicio de Listar buzon',)
18:38:30 - INF - get - ('Ejecutando servicio de Listar buzon',)
18:38:43 - INF - get - ('Ejecutando servicio de Listar buzon',)
18:38:45 - INF - get - ('Ejecutando servicio de Listar buzon',)
18:38:45 - INF - get - ('Ejecutando servicio de Listar buzon',)
18:38:58 - INF - get - ('Ejecutando servicio de Listar buzon',)
18:39:06 - INF - get - ('Ejecutando servicio de Listar vacantes',)
18:39:06 - INF - get - ('Ejecutando servicio de Listar vacantes',)
18:41:27 - INF - get - ('Ejecutando servicio de Listar buzon',)
18:41:27 - INF - get - ('Ejecutando servicio de Listar buzon',)
18:41:33 - INF - get - ('Ejecutando servicio de Listar vacantes',)
18:41:33 - INF - get - ('Ejecutando servicio de Listar vacantes',)
18:42:15 - INF - <module> - ('Servicio Finalizado',)
18:42:15 - INF - <module> - ('Servicio Finalizado',)
