09:41:19 - INF - <module> - ('Servicio Iniciado',)
09:41:19 - INF - <module> - ('Servicio Iniciado',)
09:41:47 - INF - get - ('Ejecutando servicio de Listar Usuario',)
09:41:50 - INF - <module> - ('Servicio Finalizado',)
09:41:50 - INF - <module> - ('Servicio Finalizado',)
13:59:41 - INF - <module> - ('Servicio Iniciado',)
13:59:41 - INF - <module> - ('Servicio Iniciado',)
13:59:58 - INF - get - ('Ejecutando servicio de Listar Usuario',)
14:00:12 - INF - get - ('Ejecutando servicio de Listar Usuario',)
14:00:27 - INF - <module> - ('Servicio Finalizado',)
14:00:27 - INF - <module> - ('Servicio Finalizado',)
14:53:45 - INF - <module> - ('Servicio Iniciado',)
14:53:46 - INF - <module> - ('Servicio Iniciado',)
14:56:21 - INF - <module> - ('Servicio Finalizado',)
14:56:21 - INF - <module> - ('Servicio Iniciado',)
14:56:38 - INF - get - ('Ejecutando servicio de Listar Usuario',)
14:56:45 - INF - get - ('Ejecutando servicio de Listar buzon',)
14:57:05 - INF - post - ('Ejecutando servicio de Login',)
14:58:35 - INF - post - ('Ejecutando servicio inserción de estudiante',)
15:01:41 - INF - <module> - ('Servicio Finalizado',)
15:01:41 - INF - <module> - ('Servicio Iniciado',)
15:01:45 - INF - put - ('Ejecutando servicio actualizacion de estudiante',)
15:02:02 - INF - <module> - ('Servicio Finalizado',)
15:02:02 - INF - <module> - ('Servicio Finalizado',)
15:02:24 - INF - <module> - ('Servicio Iniciado',)
15:02:25 - INF - <module> - ('Servicio Iniciado',)
15:03:11 - INF - put - ('Ejecutando servicio actualizacion de estudiante',)
15:03:42 - INF - get - ('Ejecutando servicio de Listar Usuario',)
15:04:49 - INF - delete - ('Ejecutando servicio eliminacion de estudiante',)
15:04:57 - INF - delete - ('Ejecutando servicio eliminacion de estudiante',)
15:05:01 - INF - delete - ('Ejecutando servicio eliminacion de estudiante',)
15:08:49 - INF - <module> - ('Servicio Finalizado',)
15:08:49 - INF - <module> - ('Servicio Iniciado',)
15:09:04 - INF - put - ('Ejecutando servicio actualizacion de estudiante',)
15:12:10 - INF - <module> - ('Servicio Finalizado',)
15:12:11 - INF - <module> - ('Servicio Iniciado',)
15:12:18 - INF - put - ('Ejecutando servicio actualizacion de estudiante',)
15:13:01 - INF - put - ('Ejecutando servicio actualizacion de curriculum',)
15:14:01 - INF - post - ('Ejecutando servicio inserción de estudiante',)
15:14:13 - INF - delete - ('Ejecutando servicio eliminacion de estudiante',)
15:14:37 - INF - <module> - ('Servicio Finalizado',)
15:14:37 - INF - <module> - ('Servicio Finalizado',)
15:19:44 - INF - <module> - ('Servicio Iniciado',)
15:19:44 - INF - <module> - ('Servicio Iniciado',)
15:22:50 - INF - post - ('Ejecutando servicio de Login',)
15:23:06 - INF - post - ('Ejecutando servicio de Login',)
15:28:48 - INF - <module> - ('Servicio Finalizado',)
15:28:48 - INF - <module> - ('Servicio Finalizado',)
