08:33:15 - INF - <module> - ('Servicio Iniciado',)
08:33:16 - INF - <module> - ('Servicio Iniciado',)
08:34:17 - INF - post - ('Ejecutando servicio de Login',)
08:34:18 - INF - get - ('Ejecutando servicio de Listar buzon',)

08:34:18 - INF - get - ('Ejecutando servicio de Listar Usuario',)
08:34:18 - INF - get - ('Ejecutando servicio de Listar buzon',)
08:36:13 - INF - get - ('Ejecutando servicio de Listar Usuario',)
08:36:13 - INF - get - ('Ejecutando servicio de Listar buzon',)
08:36:28 - INF - get - ('Ejecutando servicio de Listar Usuario',)
08:37:04 - INF - get - ('Ejecutando servicio de Listar Usuario',)
08:37:04 - INF - get - ('Ejecutando servicio de Listar buzon',)
08:38:04 - INF - get - ('Ejecutando servicio de Listar Usuario',)
08:38:04 - INF - get - ('Ejecutando servicio de Listar buzon',)
08:38:22 - INF - get - ('Ejecutando servicio de Listar Usuario',)
08:38:22 - INF - get - ('Ejecutando servicio de Listar buzon',)
08:40:25 - INF - get - ('Ejecutando servicio de Listar Usuario',)
08:40:25 - INF - get - ('Ejecutando servicio de Listar buzon',)
08:40:40 - INF - get - ('Ejecutando servicio de Listar Usuario',)
08:40:40 - INF - get - ('Ejecutando servicio de Listar buzon',)
08:41:02 - INF - get - ('Ejecutando servicio de Listar Usuario',)
08:41:02 - INF - get - ('Ejecutando servicio de Listar buzon',)
08:41:55 - INF - get - ('Ejecutando servicio de Listar Usuario',)
08:41:55 - INF - get - ('Ejecutando servicio de Listar buzon',)
08:42:45 - INF - get - ('Ejecutando servicio de Listar Usuario',)
08:42:45 - INF - get - ('Ejecutando servicio de Listar buzon',)
08:45:35 - INF - post - ('Ejecutando servicio de Login',)
08:45:36 - INF - get - ('Ejecutando servicio de Listar Usuario',)
08:45:36 - INF - get - ('Ejecutando servicio de Listar buzon',)
08:45:36 - INF - get - ('Ejecutando servicio de Listar Usuario',)
08:45:36 - INF - get - ('Ejecutando servicio de Listar buzon',)
08:46:26 - INF - get - ('Ejecutando servicio de Listar Usuario',)
08:46:26 - INF - get - ('Ejecutando servicio de Listar buzon',)
08:46:51 - INF - get - ('Ejecutando servicio de Listar Usuario',)
08:46:51 - INF - get - ('Ejecutando servicio de Listar buzon',)
08:47:07 - INF - get - ('Ejecutando servicio de Listar Usuario',)
08:57:35 - INF - get - ('Ejecutando servicio de Listar buzon',)

08:57:35 - INF - get - ('Ejecutando servicio de Listar Usuario',)
08:57:35 - INF - get - ('Ejecutando servicio de Listar buzon',)
08:58:42 - INF - get - ('Ejecutando servicio de Listar Usuario',)
08:58:42 - INF - get - ('Ejecutando servicio de Listar buzon',)
08:59:13 - INF - get - ('Ejecutando servicio de Listar Usuario',)
08:59:13 - INF - get - ('Ejecutando servicio de Listar buzon',)
08:59:35 - INF - get - ('Ejecutando servicio de Listar Usuario',)
08:59:35 - INF - get - ('Ejecutando servicio de Listar buzon',)
09:01:31 - INF - post - ('Ejecutando servicio de Login',)
09:01:32 - INF - get - ('Ejecutando servicio de Listar Usuario',)
09:01:32 - INF - get - ('Ejecutando servicio de Listar buzon',)
09:01:32 - INF - get - ('Ejecutando servicio de Listar Usuario',)
09:01:32 - INF - get - ('Ejecutando servicio de Listar buzon',)
09:05:37 - INF - get - ('Ejecutando servicio de Listar Usuario',)
09:05:37 - INF - get - ('Ejecutando servicio de Listar buzon',)
09:18:41 - INF - <module> - ('Servicio Iniciado',)
09:18:41 - INF - <module> - ('Servicio Iniciado',)
09:18:52 - INF - post - ('Ejecutando servicio de Login',)
09:18:54 - INF - get - ('Ejecutando servicio de Listar Usuario',)
09:18:54 - INF - get - ('Ejecutando servicio de Listar buzon',)
09:18:54 - INF - get - ('Ejecutando servicio de Listar Usuario',)
09:18:54 - INF - get - ('Ejecutando servicio de Listar buzon',)
09:20:28 - INF - <module> - ('Servicio Finalizado',)
09:20:28 - INF - <module> - ('Servicio Iniciado',)
09:20:41 - INF - <module> - ('Servicio Finalizado',)
09:20:42 - INF - <module> - ('Servicio Iniciado',)
09:22:11 - INF - <module> - ('Servicio Finalizado',)
09:22:12 - INF - <module> - ('Servicio Iniciado',)
09:40:17 - INF - <module> - ('Servicio Finalizado',)
09:40:17 - INF - <module> - ('Servicio Finalizado',)
10:54:19 - INF - <module> - ('Servicio Iniciado',)
10:54:20 - INF - <module> - ('Servicio Iniciado',)
11:39:03 - INF - post - ('Ejecutando servicio inserción de estudiante',)
11:39:43 - INF - <module> - ('Servicio Finalizado',)
11:39:43 - INF - <module> - ('Servicio Finalizado',)
11:40:47 - INF - <module> - ('Servicio Iniciado',)
11:40:47 - INF - <module> - ('Servicio Iniciado',)
11:41:51 - INF - post - ('Ejecutando servicio inserción de estudiante',)
11:42:00 - INF - post - ('Ejecutando servicio de Login',)
11:42:01 - INF - get - ('Ejecutando servicio de Listar buzon',)

11:42:01 - INF - get - ('Ejecutando servicio de Listar Usuario',)
11:42:01 - INF - get - ('Ejecutando servicio de Listar buzon',)
11:42:54 - INF - <module> - ('Servicio Finalizado',)
11:42:54 - INF - <module> - ('Servicio Finalizado',)
22:11:02 - INF - <module> - ('Servicio Iniciado',)
22:11:03 - INF - <module> - ('Servicio Iniciado',)
22:11:05 - INF - <module> - ('Servicio Finalizado',)
22:11:05 - INF - <module> - ('Servicio Finalizado',)
