08:39:59 - INF - <module> - ('Servicio Iniciado',)
08:40:00 - INF - <module> - ('Servicio Iniciado',)
08:53:17 - INF - <module> - ('Servicio Iniciado',)
08:53:17 - INF - <module> - ('Servicio Iniciado',)
08:55:13 - INF - post - ('Ejecutando servicio de Login',)
08:55:16 - INF - get - ('Ejecutando servicio de Listar vacantes',)
08:55:16 - INF - get - ('Ejecutando servicio de Listar vacantes',)
09:12:06 - INF - post - ('Ejecutando servicio de Login',)
09:12:07 - INF - get - ('Ejecutando servicio de Listar vacantes',)
09:12:07 - INF - get - ('Ejecutando servicio de Listar vacantes',)
09:12:51 - INF - post - ('Ejecutando servicio de Login',)
09:12:52 - INF - get - ('Ejecutando servicio de Listar vacantes',)
09:12:52 - INF - get - ('Ejecutando servicio de Listar vacantes',)
09:12:56 - INF - get - ('Ejecutando servicio de Listar buzon',)
09:12:56 - INF - get - ('Ejecutando servicio de Listar buzon',)
09:13:49 - INF - post - ('Ejecutando servicio de Login',)
09:13:50 - INF - get - ('Ejecutando servicio de Listar vacantes',)
09:13:50 - INF - get - ('Ejecutando servicio de Listar vacantes',)
09:13:53 - INF - get - ('Ejecutando servicio de Listar buzon',)
09:13:53 - INF - get - ('Ejecutando servicio de Listar buzon',)
09:13:56 - INF - get - ('Ejecutando servicio de Listar vacantes',)
09:13:56 - INF - get - ('Ejecutando servicio de Listar vacantes',)
09:14:01 - INF - get - ('Ejecutando servicio de Listar buzon',)
09:14:01 - INF - get - ('Ejecutando servicio de Listar buzon',)
09:14:04 - INF - get - ('Ejecutando servicio de Listar vacantes',)
09:14:04 - INF - get - ('Ejecutando servicio de Listar vacantes',)
09:14:12 - INF - get - ('Ejecutando servicio de Listar buzon',)
09:14:12 - INF - get - ('Ejecutando servicio de Listar buzon',)
09:14:23 - INF - get - ('Ejecutando servicio de Listar vacantes',)
09:14:23 - INF - get - ('Ejecutando servicio de Listar vacantes',)
09:14:48 - INF - post - ('Ejecutando servicio de Login',)
09:14:50 - INF - get - ('Ejecutando servicio de Listar vacantes',)
09:14:50 - INF - get - ('Ejecutando servicio de Listar vacantes',)
09:14:56 - INF - get - ('Ejecutando servicio de Listar buzon',)
09:14:57 - INF - get - ('Ejecutando servicio de Listar buzon',)
09:17:38 - INF - get - ('Ejecutando servicio de Listar buzon',)
09:23:46 - INF - get - ('Ejecutando servicio de Listar buzon',)
09:25:28 - INF - get - ('Ejecutando servicio de Listar buzon',)
09:25:34 - INF - get - ('Ejecutando servicio de Listar vacantes',)
09:25:34 - INF - get - ('Ejecutando servicio de Listar vacantes',)
09:25:39 - INF - get - ('Ejecutando servicio de Listar buzon',)
09:25:39 - INF - get - ('Ejecutando servicio de Listar buzon',)
09:55:09 - INF - <module> - ('Servicio Finalizado',)
09:55:09 - INF - <module> - ('Servicio Finalizado',)
11:05:07 - INF - <module> - ('Servicio Iniciado',)
11:05:07 - INF - <module> - ('Servicio Iniciado',)
11:07:55 - INF - post - ('Ejecutando servicio de Login',)
11:07:58 - INF - get - ('Ejecutando servicio de Listar vacantes',)
11:07:58 - INF - get - ('Ejecutando servicio de Listar vacantes',)
11:08:03 - INF - get - ('Ejecutando servicio de Listar buzon',)
11:08:03 - INF - get - ('Ejecutando servicio de Listar buzon',)
11:09:14 - INF - get - ('Ejecutando servicio de Listar buzon',)
11:09:40 - INF - get - ('Ejecutando servicio de Listar buzon',)
11:10:10 - INF - get - ('Ejecutando servicio de Listar buzon',)
11:10:10 - INF - get - ('Ejecutando servicio de Listar buzon',)
11:11:10 - INF - get - ('Ejecutando servicio de Listar buzon',)
11:11:19 - INF - get - ('Ejecutando servicio de Listar buzon',)
11:11:38 - INF - get - ('Ejecutando servicio de Listar buzon',)
11:11:57 - INF - get - ('Ejecutando servicio de Listar buzon',)
11:12:06 - INF - get - ('Ejecutando servicio de Listar buzon',)
11:12:30 - INF - get - ('Ejecutando servicio de Listar buzon',)
11:14:36 - INF - get - ('Ejecutando servicio de Listar buzon',)
11:14:44 - INF - get - ('Ejecutando servicio de Listar buzon',)
11:14:44 - INF - get - ('Ejecutando servicio de Listar buzon',)
11:25:19 - INF - get - ('Ejecutando servicio de Listar vacantes',)
11:25:19 - INF - TokenValidate - ('Error al validar el token',)
11:25:19 - INF - get - ('Ejecutando servicio de Listar vacantes',)
11:25:19 - INF - TokenValidate - ('Error al validar el token',)
11:25:38 - INF - post - ('Ejecutando servicio de Login',)
11:25:39 - INF - get - ('Ejecutando servicio de Listar vacantes',)
11:25:40 - INF - get - ('Ejecutando servicio de Listar vacantes',)
11:25:43 - INF - get - ('Ejecutando servicio de Listar buzon',)
11:25:43 - INF - get - ('Ejecutando servicio de Listar buzon',)
11:25:51 - INF - get - ('Ejecutando servicio de Listar vacantes',)
11:25:51 - INF - get - ('Ejecutando servicio de Listar vacantes',)
11:38:25 - INF - get - ('Ejecutando servicio de Listar vacantes',)
11:38:49 - INF - get - ('Ejecutando servicio de Listar vacantes',)
11:41:30 - INF - get - ('Ejecutando servicio de Listar vacantes',)
11:41:30 - INF - TokenValidate - ('Error al validar el token',)
11:41:30 - INF - get - ('Ejecutando servicio de Listar vacantes',)
11:41:30 - INF - TokenValidate - ('Error al validar el token',)
11:41:47 - INF - get - ('Ejecutando servicio de Listar vacantes',)
11:41:47 - INF - TokenValidate - ('Error al validar el token',)
11:41:47 - INF - get - ('Ejecutando servicio de Listar vacantes',)
11:41:47 - INF - TokenValidate - ('Error al validar el token',)
11:41:50 - INF - get - ('Ejecutando servicio de Listar buzon',)
11:41:50 - INF - TokenValidate - ('Error al validar el token',)
11:41:50 - INF - get - ('Ejecutando servicio de Listar buzon',)
11:41:50 - INF - TokenValidate - ('Error al validar el token',)
11:42:03 - INF - post - ('Ejecutando servicio de Login',)
11:42:04 - INF - get - ('Ejecutando servicio de Listar vacantes',)
11:42:05 - INF - get - ('Ejecutando servicio de Listar vacantes',)
11:45:29 - INF - get - ('Ejecutando servicio de Listar buzon',)
11:45:29 - INF - get - ('Ejecutando servicio de Listar buzon',)
11:45:39 - INF - get - ('Ejecutando servicio de Listar vacantes',)
11:45:39 - INF - get - ('Ejecutando servicio de Listar vacantes',)
11:45:57 - INF - get - ('Ejecutando servicio de Listar buzon',)
11:45:57 - INF - get - ('Ejecutando servicio de Listar buzon',)
11:46:38 - INF - get - ('Ejecutando servicio de Listar buzon',)
11:46:47 - INF - get - ('Ejecutando servicio de Listar buzon',)
11:46:47 - INF - get - ('Ejecutando servicio de Listar buzon',)
11:47:20 - INF - get - ('Ejecutando servicio de Listar buzon',)
11:47:28 - INF - get - ('Ejecutando servicio de Listar vacantes',)
11:47:28 - INF - get - ('Ejecutando servicio de Listar vacantes',)
11:47:42 - INF - get - ('Ejecutando servicio de Listar buzon',)
11:47:42 - INF - get - ('Ejecutando servicio de Listar buzon',)
11:48:07 - INF - get - ('Ejecutando servicio de Listar buzon',)
11:49:02 - INF - get - ('Ejecutando servicio de Listar buzon',)
11:49:07 - INF - get - ('Ejecutando servicio de Listar buzon',)
11:49:30 - INF - get - ('Ejecutando servicio de Listar buzon',)
11:50:14 - INF - get - ('Ejecutando servicio de Listar buzon',)
11:50:21 - INF - get - ('Ejecutando servicio de Listar buzon',)
11:55:02 - INF - get - ('Ejecutando servicio de Listar buzon',)
11:55:29 - INF - get - ('Ejecutando servicio de Listar buzon',)
11:55:48 - INF - get - ('Ejecutando servicio de Listar vacantes',)
11:55:48 - INF - get - ('Ejecutando servicio de Listar vacantes',)
11:55:55 - INF - get - ('Ejecutando servicio de Listar buzon',)
11:55:55 - INF - get - ('Ejecutando servicio de Listar buzon',)
11:56:00 - INF - get - ('Ejecutando servicio de Listar vacantes',)
11:56:00 - INF - get - ('Ejecutando servicio de Listar vacantes',)
11:56:31 - INF - get - ('Ejecutando servicio de Listar vacantes',)
11:56:33 - INF - get - ('Ejecutando servicio de Listar vacantes',)
11:58:06 - INF - get - ('Ejecutando servicio de Listar vacantes',)
11:58:06 - INF - TokenValidate - ('Error al validar el token',)
11:58:25 - INF - get - ('Ejecutando servicio de Listar vacantes',)
11:58:25 - INF - TokenValidate - ('Error al validar el token',)
11:58:39 - INF - get - ('Ejecutando servicio de Listar vacantes',)
11:58:39 - INF - TokenValidate - ('Error al validar el token',)
11:59:04 - INF - get - ('Ejecutando servicio de Listar buzon',)
11:59:04 - INF - TokenValidate - ('Error al validar el token',)
11:59:04 - INF - get - ('Ejecutando servicio de Listar buzon',)
11:59:04 - INF - TokenValidate - ('Error al validar el token',)
11:59:16 - INF - post - ('Ejecutando servicio de Login',)
11:59:17 - INF - get - ('Ejecutando servicio de Listar vacantes',)
11:59:17 - INF - get - ('Ejecutando servicio de Listar vacantes',)
11:59:28 - INF - get - ('Ejecutando servicio de Listar buzon',)
11:59:28 - INF - get - ('Ejecutando servicio de Listar buzon',)
12:00:15 - INF - get - ('Ejecutando servicio de Listar buzon',)
12:00:30 - INF - get - ('Ejecutando servicio de Listar buzon',)
12:00:30 - INF - get - ('Ejecutando servicio de Listar buzon',)
12:00:33 - INF - get - ('Ejecutando servicio de Listar vacantes',)
12:00:33 - INF - get - ('Ejecutando servicio de Listar vacantes',)
12:08:39 - INF - get - ('Ejecutando servicio de Listar vacantes',)
12:08:39 - INF - get - ('Ejecutando servicio de Listar vacantes',)
12:10:14 - INF - get - ('Ejecutando servicio de Listar vacantes',)
12:10:39 - INF - put - ('Ejecutando servicio actualizacion de estudiante',)
12:10:41 - INF - get - ('Ejecutando servicio de Listar vacantes',)
12:10:41 - INF - get - ('Ejecutando servicio de Listar vacantes',)
12:10:56 - INF - get - ('Ejecutando servicio de Listar buzon',)
12:10:56 - INF - get - ('Ejecutando servicio de Listar buzon',)
12:11:02 - INF - get - ('Ejecutando servicio de Listar vacantes',)
12:11:02 - INF - get - ('Ejecutando servicio de Listar vacantes',)
12:11:19 - INF - post - ('Ejecutando servicio de Login',)
12:11:21 - INF - get - ('Ejecutando servicio de Listar vacantes',)
12:11:21 - INF - get - ('Ejecutando servicio de Listar vacantes',)
12:11:45 - INF - post - ('Ejecutando servicio inserción de estudiante',)
12:11:51 - INF - post - ('Ejecutando servicio de Login',)
12:11:53 - INF - get - ('Ejecutando servicio de Listar vacantes',)
12:11:53 - INF - get - ('Ejecutando servicio de Listar vacantes',)
12:16:16 - INF - get - ('Ejecutando servicio de Listar vacantes',)
12:16:27 - INF - get - ('Ejecutando servicio de Listar vacantes',)
12:18:37 - INF - get - ('Ejecutando servicio de Listar vacantes',)
12:18:42 - INF - get - ('Ejecutando servicio de Listar vacantes',)
12:18:42 - INF - get - ('Ejecutando servicio de Listar vacantes',)
12:18:57 - INF - post - ('Ejecutando servicio de Login',)
12:18:58 - INF - get - ('Ejecutando servicio de Listar vacantes',)
12:18:58 - INF - get - ('Ejecutando servicio de Listar vacantes',)
12:19:05 - INF - put - ('Ejecutando servicio actualizacion de estudiante',)
12:19:06 - INF - get - ('Ejecutando servicio de Listar vacantes',)
12:19:06 - INF - get - ('Ejecutando servicio de Listar vacantes',)
12:19:16 - INF - post - ('Ejecutando servicio de Login',)
12:19:17 - INF - get - ('Ejecutando servicio de Listar vacantes',)
12:19:17 - INF - get - ('Ejecutando servicio de Listar vacantes',)
12:19:32 - INF - post - ('Ejecutando servicio de Login',)
12:19:33 - INF - get - ('Ejecutando servicio de Listar vacantes',)
12:19:33 - INF - get - ('Ejecutando servicio de Listar vacantes',)
12:19:47 - INF - post - ('Ejecutando servicio de Login',)
12:19:49 - INF - get - ('Ejecutando servicio de Listar vacantes',)
12:19:49 - INF - get - ('Ejecutando servicio de Listar vacantes',)
12:20:15 - INF - put - ('Ejecutando servicio actualizacion de estudiante',)
12:20:16 - INF - get - ('Ejecutando servicio de Listar vacantes',)
12:20:16 - INF - get - ('Ejecutando servicio de Listar vacantes',)
12:20:39 - INF - post - ('Ejecutando servicio de Login',)
12:20:40 - INF - get - ('Ejecutando servicio de Listar vacantes',)
12:20:41 - INF - get - ('Ejecutando servicio de Listar vacantes',)
12:21:16 - INF - get - ('Ejecutando servicio de Listar buzon',)
12:21:16 - INF - get - ('Ejecutando servicio de Listar buzon',)
12:21:47 - INF - get - ('Ejecutando servicio de Listar vacantes',)
12:21:47 - INF - get - ('Ejecutando servicio de Listar vacantes',)
12:22:15 - INF - post - ('Ejecutando servicio de Login',)
12:22:17 - INF - get - ('Ejecutando servicio de Listar vacantes',)
12:22:17 - INF - get - ('Ejecutando servicio de Listar vacantes',)
12:23:46 - INF - get - ('Ejecutando servicio de Listar buzon',)
12:23:46 - INF - get - ('Ejecutando servicio de Listar buzon',)
12:24:08 - INF - get - ('Ejecutando servicio de Listar vacantes',)
12:24:08 - INF - get - ('Ejecutando servicio de Listar vacantes',)
12:24:18 - INF - get - ('Ejecutando servicio de Listar buzon',)
12:24:18 - INF - get - ('Ejecutando servicio de Listar buzon',)
12:24:27 - INF - get - ('Ejecutando servicio de Listar vacantes',)
12:24:27 - INF - get - ('Ejecutando servicio de Listar vacantes',)
12:24:57 - INF - post - ('Ejecutando servicio de Login',)
12:24:59 - INF - get - ('Ejecutando servicio de Listar vacantes',)
12:24:59 - INF - get - ('Ejecutando servicio de Listar vacantes',)
12:25:08 - INF - put - ('Ejecutando servicio actualizacion de estudiante',)
12:25:09 - INF - get - ('Ejecutando servicio de Listar vacantes',)
12:25:09 - INF - get - ('Ejecutando servicio de Listar vacantes',)
12:25:14 - INF - get - ('Ejecutando servicio de Listar vacantes',)
12:25:14 - INF - get - ('Ejecutando servicio de Listar vacantes',)
12:25:25 - INF - post - ('Ejecutando servicio de Login',)
12:25:26 - INF - get - ('Ejecutando servicio de Listar vacantes',)
12:25:26 - INF - get - ('Ejecutando servicio de Listar vacantes',)
12:25:36 - INF - put - ('Ejecutando servicio actualizacion de estudiante',)
12:25:37 - INF - get - ('Ejecutando servicio de Listar vacantes',)
12:25:37 - INF - get - ('Ejecutando servicio de Listar vacantes',)
12:25:52 - INF - post - ('Ejecutando servicio de Login',)
12:25:53 - INF - get - ('Ejecutando servicio de Listar vacantes',)
12:25:53 - INF - get - ('Ejecutando servicio de Listar vacantes',)
12:26:15 - INF - post - ('Ejecutando servicio de Login',)
12:26:16 - INF - get - ('Ejecutando servicio de Listar vacantes',)
12:26:16 - INF - get - ('Ejecutando servicio de Listar vacantes',)
12:26:27 - INF - post - ('Ejecutando servicio de Login',)
12:26:28 - INF - get - ('Ejecutando servicio de Listar vacantes',)
12:26:28 - INF - get - ('Ejecutando servicio de Listar vacantes',)
12:27:04 - INF - get - ('Ejecutando servicio de Listar buzon',)
12:27:04 - INF - get - ('Ejecutando servicio de Listar buzon',)
12:29:01 - INF - <module> - ('Servicio Finalizado',)
12:29:01 - INF - <module> - ('Servicio Finalizado',)
19:21:24 - INF - <module> - ('Servicio Iniciado',)
19:21:25 - INF - <module> - ('Servicio Iniciado',)
19:25:49 - INF - post - ('Ejecutando servicio inserción de estudiante',)
19:25:59 - INF - post - ('Ejecutando servicio de Login',)
19:26:01 - INF - get - ('Ejecutando servicio de Listar vacantes',)
19:26:01 - INF - get - ('Ejecutando servicio de Listar vacantes',)
19:29:01 - INF - get - ('Ejecutando servicio de Listar vacantes',)
19:29:01 - INF - get - ('Ejecutando servicio de Listar vacantes',)
19:29:13 - INF - get - ('Ejecutando servicio de Listar buzon',)
19:29:13 - INF - get - ('Ejecutando servicio de Listar buzon',)
19:32:09 - INF - get - ('Ejecutando servicio de Listar vacantes',)
19:32:09 - INF - get - ('Ejecutando servicio de Listar vacantes',)
19:32:24 - INF - get - ('Ejecutando servicio de Listar buzon',)
19:32:24 - INF - get - ('Ejecutando servicio de Listar buzon',)
19:32:52 - INF - get - ('Ejecutando servicio de Listar vacantes',)
19:32:53 - INF - get - ('Ejecutando servicio de Listar vacantes',)
19:35:13 - INF - get - ('Ejecutando servicio de Listar buzon',)
19:35:13 - INF - get - ('Ejecutando servicio de Listar buzon',)
19:36:22 - INF - get - ('Ejecutando servicio de Listar buzon',)
19:37:07 - INF - get - ('Ejecutando servicio de Listar buzon',)
19:37:29 - INF - get - ('Ejecutando servicio de Listar buzon',)
19:37:35 - INF - get - ('Ejecutando servicio de Listar buzon',)
19:37:55 - INF - get - ('Ejecutando servicio de Listar buzon',)
19:38:08 - INF - get - ('Ejecutando servicio de Listar buzon',)
19:38:33 - INF - get - ('Ejecutando servicio de Listar buzon',)
19:39:17 - INF - get - ('Ejecutando servicio de Listar vacantes',)
19:39:17 - INF - get - ('Ejecutando servicio de Listar vacantes',)
19:39:25 - INF - get - ('Ejecutando servicio de Listar buzon',)
19:39:25 - INF - get - ('Ejecutando servicio de Listar buzon',)
19:42:03 - INF - get - ('Ejecutando servicio de Listar buzon',)
19:42:03 - INF - TokenValidate - ('Error al validar el token',)
19:45:21 - INF - get - ('Ejecutando servicio de Listar buzon',)
19:45:21 - INF - TokenValidate - ('Error al validar el token',)
19:47:56 - INF - get - ('Ejecutando servicio de Listar buzon',)
19:47:56 - INF - TokenValidate - ('Error al validar el token',)
19:52:30 - INF - get - ('Ejecutando servicio de Listar vacantes',)
19:52:30 - INF - TokenValidate - ('Error al validar el token',)
19:52:30 - INF - get - ('Ejecutando servicio de Listar vacantes',)
19:52:30 - INF - TokenValidate - ('Error al validar el token',)
19:52:48 - INF - post - ('Ejecutando servicio de Login',)
19:52:49 - INF - get - ('Ejecutando servicio de Listar vacantes',)
19:52:49 - INF - get - ('Ejecutando servicio de Listar vacantes',)
19:52:55 - INF - get - ('Ejecutando servicio de Listar buzon',)
19:52:55 - INF - get - ('Ejecutando servicio de Listar buzon',)
19:53:41 - INF - get - ('Ejecutando servicio de Listar buzon',)
19:56:34 - INF - get - ('Ejecutando servicio de Listar buzon',)
19:58:27 - INF - get - ('Ejecutando servicio de Listar buzon',)
19:58:35 - INF - get - ('Ejecutando servicio de Listar buzon',)
19:59:00 - INF - get - ('Ejecutando servicio de Listar vacantes',)
19:59:00 - INF - get - ('Ejecutando servicio de Listar vacantes',)
19:59:15 - INF - get - ('Ejecutando servicio de Listar buzon',)
19:59:15 - INF - get - ('Ejecutando servicio de Listar buzon',)
20:00:01 - INF - get - ('Ejecutando servicio de Listar buzon',)
20:00:05 - INF - get - ('Ejecutando servicio de Listar vacantes',)
20:00:05 - INF - get - ('Ejecutando servicio de Listar vacantes',)
20:00:09 - INF - get - ('Ejecutando servicio de Listar buzon',)
20:00:09 - INF - get - ('Ejecutando servicio de Listar buzon',)
20:00:27 - INF - get - ('Ejecutando servicio de Listar buzon',)
20:00:49 - INF - get - ('Ejecutando servicio de Listar buzon',)
20:01:20 - INF - get - ('Ejecutando servicio de Listar buzon',)
20:01:25 - INF - get - ('Ejecutando servicio de Listar buzon',)
20:01:25 - INF - get - ('Ejecutando servicio de Listar buzon',)
20:01:58 - INF - get - ('Ejecutando servicio de Listar buzon',)
20:02:31 - INF - get - ('Ejecutando servicio de Listar buzon',)
20:02:46 - INF - get - ('Ejecutando servicio de Listar buzon',)
20:03:16 - INF - get - ('Ejecutando servicio de Listar buzon',)
20:03:29 - INF - get - ('Ejecutando servicio de Listar buzon',)
20:04:17 - INF - get - ('Ejecutando servicio de Listar buzon',)
20:04:56 - INF - get - ('Ejecutando servicio de Listar buzon',)
20:05:35 - INF - get - ('Ejecutando servicio de Listar buzon',)
20:05:59 - INF - get - ('Ejecutando servicio de Listar vacantes',)
20:05:59 - INF - get - ('Ejecutando servicio de Listar vacantes',)
20:06:09 - INF - get - ('Ejecutando servicio de Listar buzon',)
20:06:09 - INF - get - ('Ejecutando servicio de Listar buzon',)
20:06:31 - INF - get - ('Ejecutando servicio de Listar buzon',)
20:06:46 - INF - get - ('Ejecutando servicio de Listar vacantes',)
20:06:46 - INF - get - ('Ejecutando servicio de Listar vacantes',)
20:06:51 - INF - get - ('Ejecutando servicio de Listar buzon',)
20:06:52 - INF - get - ('Ejecutando servicio de Listar buzon',)
20:07:40 - INF - get - ('Ejecutando servicio de Listar buzon',)
20:07:49 - INF - get - ('Ejecutando servicio de Listar buzon',)
20:07:49 - INF - TokenValidate - ('Error al validar el token',)
20:16:47 - INF - get - ('Ejecutando servicio de Listar buzon',)
20:16:47 - INF - TokenValidate - ('Error al validar el token',)
20:16:47 - INF - get - ('Ejecutando servicio de Listar buzon',)
20:16:47 - INF - TokenValidate - ('Error al validar el token',)
20:16:55 - INF - post - ('Ejecutando servicio de Login',)
20:16:57 - INF - get - ('Ejecutando servicio de Listar vacantes',)
20:16:57 - INF - get - ('Ejecutando servicio de Listar vacantes',)
20:17:01 - INF - get - ('Ejecutando servicio de Listar buzon',)
20:17:01 - INF - get - ('Ejecutando servicio de Listar buzon',)
20:20:05 - INF - get - ('Ejecutando servicio de Listar vacantes',)
20:20:05 - INF - get - ('Ejecutando servicio de Listar vacantes',)
20:20:40 - INF - <module> - ('Servicio Finalizado',)
20:20:40 - INF - <module> - ('Servicio Finalizado',)
21:09:29 - INF - <module> - ('Servicio Iniciado',)
21:09:29 - INF - <module> - ('Servicio Iniciado',)
21:09:59 - INF - post - ('Ejecutando servicio de Login',)
21:17:06 - INF - post - ('Ejecutando servicio de Login',)
21:17:07 - INF - get - ('Ejecutando servicio de Listar vacantes',)
21:17:07 - INF - get - ('Ejecutando servicio de Listar vacantes',)
21:17:28 - INF - post - ('Ejecutando servicio de Login',)
21:17:30 - INF - get - ('Ejecutando servicio de Listar vacantes',)
21:17:30 - INF - get - ('Ejecutando servicio de Listar vacantes',)
21:21:36 - INF - <module> - ('Servicio Finalizado',)
21:21:36 - INF - <module> - ('Servicio Finalizado',)
